{"/Users/encora/Documents/paymaya-projects/hedwig-console-api/constants/index.js": {"path":"/Users/encora/Documents/paymaya-projects/hedwig-console-api/constants/index.js","statementMap":{"0":{"start":{"line":1,"column":27},"end":{"line":6,"column":1}},"1":{"start":{"line":8,"column":23},"end":{"line":11,"column":1}},"2":{"start":{"line":13,"column":29},"end":{"line":19,"column":1}},"3":{"start":{"line":21,"column":29},"end":{"line":21,"column":51}},"4":{"start":{"line":22,"column":31},"end":{"line":22,"column":77}},"5":{"start":{"line":24,"column":26},"end":{"line":27,"column":1}},"6":{"start":{"line":29,"column":28},"end":{"line":31,"column":1}},"7":{"start":{"line":33,"column":20},"end":{"line":33,"column":78}},"8":{"start":{"line":35,"column":23},"end":{"line":41,"column":1}},"9":{"start":{"line":43,"column":0},"end":{"line":53,"column":2}}},"fnMap":{},"branchMap":{},"s":{"0":43,"1":43,"2":43,"3":43,"4":43,"5":43,"6":43,"7":43,"8":43,"9":43},"f":{},"b":{},"_coverageSchema":"1a1c01bbd47fc00a2c39e90264f33305004495a9","hash":"4396d40b1dc7e13118caf288e3d4729eace7e086"}
,"/Users/encora/Documents/paymaya-projects/hedwig-console-api/controllers/BlastController.js": {"path":"/Users/encora/Documents/paymaya-projects/hedwig-console-api/controllers/BlastController.js","statementMap":{"0":{"start":{"line":1,"column":11},"end":{"line":1,"column":24}},"1":{"start":{"line":2,"column":11},"end":{"line":2,"column":41}},"2":{"start":{"line":3,"column":15},"end":{"line":3,"column":32}},"3":{"start":{"line":4,"column":15},"end":{"line":4,"column":40}},"4":{"start":{"line":5,"column":36},"end":{"line":5,"column":62}},"5":{"start":{"line":7,"column":24},"end":{"line":7,"column":26}},"6":{"start":{"line":26,"column":4},"end":{"line":26,"column":23}},"7":{"start":{"line":33,"column":4},"end":{"line":33,"column":27}},"8":{"start":{"line":35,"column":23},"end":{"line":35,"column":45}},"9":{"start":{"line":36,"column":25},"end":{"line":36,"column":70}},"10":{"start":{"line":37,"column":16},"end":{"line":37,"column":33}},"11":{"start":{"line":39,"column":13},"end":{"line":41,"column":1}},"12":{"start":{"line":40,"column":2},"end":{"line":40,"column":29}},"13":{"start":{"line":43,"column":0},"end":{"line":71,"column":2}},"14":{"start":{"line":44,"column":2},"end":{"line":70,"column":3}},"15":{"start":{"line":45,"column":20},"end":{"line":45,"column":38}},"16":{"start":{"line":47,"column":18},"end":{"line":47,"column":45}},"17":{"start":{"line":48,"column":17},"end":{"line":48,"column":45}},"18":{"start":{"line":49,"column":23},"end":{"line":49,"column":66}},"19":{"start":{"line":51,"column":4},"end":{"line":63,"column":7}},"20":{"start":{"line":65,"column":4},"end":{"line":65,"column":70}},"21":{"start":{"line":66,"column":4},"end":{"line":69,"column":7}},"22":{"start":{"line":73,"column":0},"end":{"line":308,"column":2}},"23":{"start":{"line":74,"column":2},"end":{"line":307,"column":3}},"24":{"start":{"line":90,"column":26},"end":{"line":90,"column":50}},"25":{"start":{"line":91,"column":17},"end":{"line":91,"column":52}},"26":{"start":{"line":92,"column":21},"end":{"line":92,"column":24}},"27":{"start":{"line":97,"column":6},"end":{"line":97,"column":14}},"28":{"start":{"line":99,"column":18},"end":{"line":107,"column":6}},"29":{"start":{"line":109,"column":22},"end":{"line":109,"column":59}},"30":{"start":{"line":114,"column":4},"end":{"line":300,"column":5}},"31":{"start":{"line":115,"column":33},"end":{"line":115,"column":61}},"32":{"start":{"line":120,"column":6},"end":{"line":124,"column":9}},"33":{"start":{"line":126,"column":45},"end":{"line":130,"column":8}},"34":{"start":{"line":132,"column":24},"end":{"line":132,"column":28}},"35":{"start":{"line":134,"column":6},"end":{"line":169,"column":7}},"36":{"start":{"line":136,"column":36},"end":{"line":138,"column":10}},"37":{"start":{"line":137,"column":10},"end":{"line":137,"column":33}},"38":{"start":{"line":140,"column":25},"end":{"line":142,"column":11}},"39":{"start":{"line":143,"column":36},"end":{"line":146,"column":9}},"40":{"start":{"line":148,"column":8},"end":{"line":154,"column":10}},"41":{"start":{"line":156,"column":8},"end":{"line":159,"column":10}},"42":{"start":{"line":161,"column":8},"end":{"line":168,"column":9}},"43":{"start":{"line":162,"column":24},"end":{"line":165,"column":11}},"44":{"start":{"line":166,"column":10},"end":{"line":166,"column":76}},"45":{"start":{"line":167,"column":10},"end":{"line":167,"column":20}},"46":{"start":{"line":171,"column":25},"end":{"line":176,"column":8}},"47":{"start":{"line":179,"column":24},"end":{"line":179,"column":58}},"48":{"start":{"line":180,"column":21},"end":{"line":180,"column":47}},"49":{"start":{"line":181,"column":26},"end":{"line":181,"column":73}},"50":{"start":{"line":184,"column":30},"end":{"line":210,"column":7}},"51":{"start":{"line":185,"column":8},"end":{"line":209,"column":10}},"52":{"start":{"line":187,"column":23},"end":{"line":196,"column":14}},"53":{"start":{"line":198,"column":29},"end":{"line":198,"column":50}},"54":{"start":{"line":199,"column":12},"end":{"line":199,"column":68}},"55":{"start":{"line":200,"column":12},"end":{"line":205,"column":15}},"56":{"start":{"line":207,"column":12},"end":{"line":207,"column":24}},"57":{"start":{"line":212,"column":24},"end":{"line":219,"column":7}},"58":{"start":{"line":213,"column":8},"end":{"line":218,"column":11}},"59":{"start":{"line":214,"column":10},"end":{"line":217,"column":18}},"60":{"start":{"line":215,"column":12},"end":{"line":215,"column":60}},"61":{"start":{"line":216,"column":12},"end":{"line":216,"column":57}},"62":{"start":{"line":221,"column":25},"end":{"line":221,"column":52}},"63":{"start":{"line":222,"column":6},"end":{"line":242,"column":7}},"64":{"start":{"line":223,"column":22},"end":{"line":226,"column":9}},"65":{"start":{"line":227,"column":8},"end":{"line":227,"column":53}},"66":{"start":{"line":228,"column":8},"end":{"line":228,"column":59}},"67":{"start":{"line":229,"column":8},"end":{"line":231,"column":11}},"68":{"start":{"line":232,"column":8},"end":{"line":232,"column":55}},"69":{"start":{"line":234,"column":8},"end":{"line":241,"column":10}},"70":{"start":{"line":244,"column":6},"end":{"line":246,"column":9}},"71":{"start":{"line":248,"column":27},"end":{"line":248,"column":55}},"72":{"start":{"line":249,"column":6},"end":{"line":249,"column":39}},"73":{"start":{"line":250,"column":6},"end":{"line":250,"column":29}},"74":{"start":{"line":251,"column":6},"end":{"line":251,"column":73}},"75":{"start":{"line":252,"column":6},"end":{"line":252,"column":47}},"76":{"start":{"line":257,"column":25},"end":{"line":268,"column":7}},"77":{"start":{"line":270,"column":6},"end":{"line":290,"column":7}},"78":{"start":{"line":271,"column":22},"end":{"line":274,"column":9}},"79":{"start":{"line":275,"column":8},"end":{"line":275,"column":53}},"80":{"start":{"line":276,"column":8},"end":{"line":276,"column":59}},"81":{"start":{"line":277,"column":8},"end":{"line":279,"column":11}},"82":{"start":{"line":280,"column":8},"end":{"line":280,"column":55}},"83":{"start":{"line":282,"column":8},"end":{"line":289,"column":10}},"84":{"start":{"line":292,"column":6},"end":{"line":295,"column":9}},"85":{"start":{"line":297,"column":27},"end":{"line":297,"column":55}},"86":{"start":{"line":299,"column":6},"end":{"line":299,"column":47}},"87":{"start":{"line":302,"column":4},"end":{"line":302,"column":55}},"88":{"start":{"line":303,"column":4},"end":{"line":306,"column":7}},"89":{"start":{"line":310,"column":0},"end":{"line":327,"column":2}},"90":{"start":{"line":311,"column":2},"end":{"line":326,"column":3}},"91":{"start":{"line":312,"column":26},"end":{"line":312,"column":50}},"92":{"start":{"line":313,"column":17},"end":{"line":313,"column":52}},"93":{"start":{"line":314,"column":37},"end":{"line":314,"column":46}},"94":{"start":{"line":315,"column":24},"end":{"line":317,"column":5}},"95":{"start":{"line":318,"column":4},"end":{"line":318,"column":38}},"96":{"start":{"line":318,"column":13},"end":{"line":318,"column":38}},"97":{"start":{"line":319,"column":4},"end":{"line":319,"column":38}},"98":{"start":{"line":321,"column":4},"end":{"line":321,"column":78}},"99":{"start":{"line":322,"column":4},"end":{"line":325,"column":7}},"100":{"start":{"line":329,"column":0},"end":{"line":354,"column":2}},"101":{"start":{"line":330,"column":2},"end":{"line":353,"column":3}},"102":{"start":{"line":331,"column":20},"end":{"line":331,"column":38}},"103":{"start":{"line":332,"column":17},"end":{"line":332,"column":31}},"104":{"start":{"line":333,"column":51},"end":{"line":333,"column":79}},"105":{"start":{"line":335,"column":6},"end":{"line":335,"column":71}},"106":{"start":{"line":336,"column":25},"end":{"line":336,"column":76}},"107":{"start":{"line":337,"column":4},"end":{"line":344,"column":5}},"108":{"start":{"line":338,"column":20},"end":{"line":341,"column":7}},"109":{"start":{"line":342,"column":6},"end":{"line":342,"column":72}},"110":{"start":{"line":343,"column":6},"end":{"line":343,"column":16}},"111":{"start":{"line":346,"column":4},"end":{"line":346,"column":39}},"112":{"start":{"line":348,"column":4},"end":{"line":348,"column":73}},"113":{"start":{"line":349,"column":4},"end":{"line":352,"column":7}},"114":{"start":{"line":356,"column":0},"end":{"line":369,"column":2}},"115":{"start":{"line":357,"column":2},"end":{"line":368,"column":3}},"116":{"start":{"line":358,"column":37},"end":{"line":358,"column":46}},"117":{"start":{"line":359,"column":24},"end":{"line":359,"column":66}},"118":{"start":{"line":360,"column":4},"end":{"line":360,"column":38}},"119":{"start":{"line":360,"column":13},"end":{"line":360,"column":38}},"120":{"start":{"line":361,"column":4},"end":{"line":361,"column":38}},"121":{"start":{"line":363,"column":4},"end":{"line":363,"column":75}},"122":{"start":{"line":364,"column":4},"end":{"line":367,"column":7}},"123":{"start":{"line":371,"column":0},"end":{"line":371,"column":33}}},"fnMap":{"0":{"name":"(anonymous_0)","decl":{"start":{"line":39,"column":13},"end":{"line":39,"column":14}},"loc":{"start":{"line":39,"column":33},"end":{"line":41,"column":1}},"line":39},"1":{"name":"(anonymous_1)","decl":{"start":{"line":43,"column":27},"end":{"line":43,"column":28}},"loc":{"start":{"line":43,"column":47},"end":{"line":71,"column":1}},"line":43},"2":{"name":"(anonymous_2)","decl":{"start":{"line":73,"column":30},"end":{"line":73,"column":31}},"loc":{"start":{"line":73,"column":56},"end":{"line":308,"column":1}},"line":73},"3":{"name":"(anonymous_3)","decl":{"start":{"line":136,"column":54},"end":{"line":136,"column":55}},"loc":{"start":{"line":136,"column":64},"end":{"line":138,"column":9}},"line":136},"4":{"name":"(anonymous_4)","decl":{"start":{"line":184,"column":30},"end":{"line":184,"column":31}},"loc":{"start":{"line":184,"column":42},"end":{"line":210,"column":7}},"line":184},"5":{"name":"(anonymous_5)","decl":{"start":{"line":186,"column":26},"end":{"line":186,"column":27}},"loc":{"start":{"line":186,"column":42},"end":{"line":208,"column":11}},"line":186},"6":{"name":"(anonymous_6)","decl":{"start":{"line":212,"column":24},"end":{"line":212,"column":25}},"loc":{"start":{"line":212,"column":34},"end":{"line":219,"column":7}},"line":212},"7":{"name":"(anonymous_7)","decl":{"start":{"line":213,"column":27},"end":{"line":213,"column":28}},"loc":{"start":{"line":213,"column":40},"end":{"line":218,"column":9}},"line":213},"8":{"name":"(anonymous_8)","decl":{"start":{"line":214,"column":21},"end":{"line":214,"column":22}},"loc":{"start":{"line":214,"column":27},"end":{"line":217,"column":11}},"line":214},"9":{"name":"(anonymous_9)","decl":{"start":{"line":310,"column":34},"end":{"line":310,"column":35}},"loc":{"start":{"line":310,"column":60},"end":{"line":327,"column":1}},"line":310},"10":{"name":"(anonymous_10)","decl":{"start":{"line":329,"column":31},"end":{"line":329,"column":32}},"loc":{"start":{"line":329,"column":57},"end":{"line":354,"column":1}},"line":329},"11":{"name":"(anonymous_11)","decl":{"start":{"line":356,"column":29},"end":{"line":356,"column":30}},"loc":{"start":{"line":356,"column":55},"end":{"line":369,"column":1}},"line":356}},"branchMap":{"0":{"loc":{"start":{"line":53,"column":10},"end":{"line":62,"column":7}},"type":"binary-expr","locations":[{"start":{"line":53,"column":10},"end":{"line":53,"column":55}},{"start":{"line":53,"column":59},"end":{"line":62,"column":7}}],"line":53},"1":{"loc":{"start":{"line":106,"column":10},"end":{"line":106,"column":70}},"type":"binary-expr","locations":[{"start":{"line":106,"column":10},"end":{"line":106,"column":50}},{"start":{"line":106,"column":54},"end":{"line":106,"column":70}}],"line":106},"2":{"loc":{"start":{"line":114,"column":4},"end":{"line":300,"column":5}},"type":"if","locations":[{"start":{"line":114,"column":4},"end":{"line":300,"column":5}},{"start":{"line":253,"column":11},"end":{"line":300,"column":5}}],"line":114},"3":{"loc":{"start":{"line":134,"column":6},"end":{"line":169,"column":7}},"type":"if","locations":[{"start":{"line":134,"column":6},"end":{"line":169,"column":7}},{"start":{},"end":{}}],"line":134},"4":{"loc":{"start":{"line":161,"column":8},"end":{"line":168,"column":9}},"type":"if","locations":[{"start":{"line":161,"column":8},"end":{"line":168,"column":9}},{"start":{},"end":{}}],"line":161},"5":{"loc":{"start":{"line":222,"column":6},"end":{"line":242,"column":7}},"type":"if","locations":[{"start":{"line":222,"column":6},"end":{"line":242,"column":7}},{"start":{"line":233,"column":13},"end":{"line":242,"column":7}}],"line":222},"6":{"loc":{"start":{"line":270,"column":6},"end":{"line":290,"column":7}},"type":"if","locations":[{"start":{"line":270,"column":6},"end":{"line":290,"column":7}},{"start":{"line":281,"column":13},"end":{"line":290,"column":7}}],"line":270},"7":{"loc":{"start":{"line":314,"column":12},"end":{"line":314,"column":22}},"type":"default-arg","locations":[{"start":{"line":314,"column":20},"end":{"line":314,"column":22}}],"line":314},"8":{"loc":{"start":{"line":314,"column":24},"end":{"line":314,"column":32}},"type":"default-arg","locations":[{"start":{"line":314,"column":31},"end":{"line":314,"column":32}}],"line":314},"9":{"loc":{"start":{"line":318,"column":4},"end":{"line":318,"column":38}},"type":"if","locations":[{"start":{"line":318,"column":4},"end":{"line":318,"column":38}},{"start":{},"end":{}}],"line":318},"10":{"loc":{"start":{"line":335,"column":6},"end":{"line":335,"column":71}},"type":"cond-expr","locations":[{"start":{"line":335,"column":27},"end":{"line":335,"column":59}},{"start":{"line":335,"column":62},"end":{"line":335,"column":71}}],"line":335},"11":{"loc":{"start":{"line":337,"column":4},"end":{"line":344,"column":5}},"type":"if","locations":[{"start":{"line":337,"column":4},"end":{"line":344,"column":5}},{"start":{},"end":{}}],"line":337},"12":{"loc":{"start":{"line":358,"column":12},"end":{"line":358,"column":22}},"type":"default-arg","locations":[{"start":{"line":358,"column":20},"end":{"line":358,"column":22}}],"line":358},"13":{"loc":{"start":{"line":358,"column":24},"end":{"line":358,"column":32}},"type":"default-arg","locations":[{"start":{"line":358,"column":31},"end":{"line":358,"column":32}}],"line":358},"14":{"loc":{"start":{"line":360,"column":4},"end":{"line":360,"column":38}},"type":"if","locations":[{"start":{"line":360,"column":4},"end":{"line":360,"column":38}},{"start":{},"end":{}}],"line":360}},"s":{"0":6,"1":6,"2":6,"3":6,"4":6,"5":6,"6":6,"7":6,"8":6,"9":6,"10":6,"11":6,"12":9,"13":6,"14":3,"15":3,"16":3,"17":2,"18":2,"19":1,"20":2,"21":2,"22":6,"23":2,"24":2,"25":2,"26":2,"27":2,"28":2,"29":2,"30":2,"31":1,"32":1,"33":1,"34":1,"35":1,"36":0,"37":0,"38":0,"39":0,"40":0,"41":0,"42":0,"43":0,"44":0,"45":0,"46":1,"47":1,"48":1,"49":1,"50":1,"51":1,"52":1,"53":1,"54":1,"55":1,"56":1,"57":1,"58":1,"59":1,"60":1,"61":1,"62":1,"63":1,"64":0,"65":0,"66":0,"67":0,"68":0,"69":1,"70":1,"71":1,"72":1,"73":1,"74":1,"75":1,"76":1,"77":1,"78":0,"79":0,"80":0,"81":0,"82":0,"83":1,"84":1,"85":1,"86":1,"87":0,"88":0,"89":6,"90":2,"91":2,"92":2,"93":1,"94":1,"95":1,"96":0,"97":1,"98":1,"99":1,"100":6,"101":3,"102":3,"103":3,"104":3,"105":2,"106":2,"107":2,"108":0,"109":0,"110":0,"111":2,"112":1,"113":1,"114":6,"115":2,"116":2,"117":2,"118":2,"119":0,"120":2,"121":0,"122":0,"123":6},"f":{"0":9,"1":3,"2":2,"3":0,"4":1,"5":1,"6":1,"7":1,"8":1,"9":2,"10":3,"11":2},"b":{"0":[1,0],"1":[2,1],"2":[1,1],"3":[0,1],"4":[0,0],"5":[0,1],"6":[0,1],"7":[0],"8":[0],"9":[0,1],"10":[1,1],"11":[0,2],"12":[0],"13":[0],"14":[0,2]},"_coverageSchema":"1a1c01bbd47fc00a2c39e90264f33305004495a9","hash":"16bf135226823c14a6a91a947d8dcc0f0b10a7ce"}
,"/Users/encora/Documents/paymaya-projects/hedwig-console-api/controllers/SenderMasksController.js": {"path":"/Users/encora/Documents/paymaya-projects/hedwig-console-api/controllers/SenderMasksController.js","statementMap":{"0":{"start":{"line":1,"column":30},"end":{"line":1,"column":32}},"1":{"start":{"line":7,"column":4},"end":{"line":7,"column":23}},"2":{"start":{"line":9,"column":15},"end":{"line":9,"column":40}},"3":{"start":{"line":11,"column":13},"end":{"line":13,"column":1}},"4":{"start":{"line":12,"column":2},"end":{"line":12,"column":29}},"5":{"start":{"line":16,"column":16},"end":{"line":16,"column":33}},"6":{"start":{"line":17,"column":11},"end":{"line":17,"column":41}},"7":{"start":{"line":19,"column":0},"end":{"line":37,"column":2}},"8":{"start":{"line":20,"column":2},"end":{"line":36,"column":3}},"9":{"start":{"line":21,"column":31},"end":{"line":21,"column":68}},"10":{"start":{"line":22,"column":4},"end":{"line":28,"column":5}},"11":{"start":{"line":23,"column":6},"end":{"line":23,"column":62}},"12":{"start":{"line":24,"column":6},"end":{"line":27,"column":9}},"13":{"start":{"line":29,"column":4},"end":{"line":29,"column":45}},"14":{"start":{"line":31,"column":4},"end":{"line":31,"column":62}},"15":{"start":{"line":32,"column":4},"end":{"line":35,"column":7}},"16":{"start":{"line":39,"column":0},"end":{"line":59,"column":2}},"17":{"start":{"line":40,"column":2},"end":{"line":58,"column":3}},"18":{"start":{"line":41,"column":31},"end":{"line":43,"column":5}},"19":{"start":{"line":44,"column":4},"end":{"line":50,"column":5}},"20":{"start":{"line":45,"column":6},"end":{"line":45,"column":62}},"21":{"start":{"line":46,"column":6},"end":{"line":49,"column":9}},"22":{"start":{"line":51,"column":4},"end":{"line":51,"column":45}},"23":{"start":{"line":53,"column":4},"end":{"line":53,"column":60}},"24":{"start":{"line":54,"column":4},"end":{"line":57,"column":7}},"25":{"start":{"line":61,"column":0},"end":{"line":82,"column":2}},"26":{"start":{"line":62,"column":2},"end":{"line":81,"column":3}},"27":{"start":{"line":63,"column":17},"end":{"line":63,"column":30}},"28":{"start":{"line":64,"column":15},"end":{"line":64,"column":28}},"29":{"start":{"line":65,"column":4},"end":{"line":65,"column":46}},"30":{"start":{"line":66,"column":38},"end":{"line":66,"column":64}},"31":{"start":{"line":67,"column":4},"end":{"line":73,"column":5}},"32":{"start":{"line":68,"column":6},"end":{"line":68,"column":62}},"33":{"start":{"line":69,"column":6},"end":{"line":72,"column":9}},"34":{"start":{"line":74,"column":4},"end":{"line":74,"column":52}},"35":{"start":{"line":76,"column":4},"end":{"line":76,"column":62}},"36":{"start":{"line":77,"column":4},"end":{"line":80,"column":7}},"37":{"start":{"line":84,"column":0},"end":{"line":104,"column":2}},"38":{"start":{"line":85,"column":2},"end":{"line":103,"column":3}},"39":{"start":{"line":86,"column":15},"end":{"line":86,"column":28}},"40":{"start":{"line":87,"column":4},"end":{"line":87,"column":32}},"41":{"start":{"line":88,"column":38},"end":{"line":88,"column":64}},"42":{"start":{"line":89,"column":4},"end":{"line":95,"column":5}},"43":{"start":{"line":90,"column":6},"end":{"line":90,"column":62}},"44":{"start":{"line":91,"column":6},"end":{"line":94,"column":9}},"45":{"start":{"line":96,"column":4},"end":{"line":96,"column":52}},"46":{"start":{"line":98,"column":4},"end":{"line":98,"column":60}},"47":{"start":{"line":99,"column":4},"end":{"line":102,"column":7}},"48":{"start":{"line":106,"column":0},"end":{"line":106,"column":39}}},"fnMap":{"0":{"name":"(anonymous_0)","decl":{"start":{"line":11,"column":13},"end":{"line":11,"column":14}},"loc":{"start":{"line":11,"column":33},"end":{"line":13,"column":1}},"line":11},"1":{"name":"(anonymous_1)","decl":{"start":{"line":19,"column":42},"end":{"line":19,"column":43}},"loc":{"start":{"line":19,"column":68},"end":{"line":37,"column":1}},"line":19},"2":{"name":"(anonymous_2)","decl":{"start":{"line":39,"column":42},"end":{"line":39,"column":43}},"loc":{"start":{"line":39,"column":68},"end":{"line":59,"column":1}},"line":39},"3":{"name":"(anonymous_3)","decl":{"start":{"line":61,"column":42},"end":{"line":61,"column":43}},"loc":{"start":{"line":61,"column":68},"end":{"line":82,"column":1}},"line":61},"4":{"name":"(anonymous_4)","decl":{"start":{"line":84,"column":42},"end":{"line":84,"column":43}},"loc":{"start":{"line":84,"column":68},"end":{"line":104,"column":1}},"line":84}},"branchMap":{"0":{"loc":{"start":{"line":22,"column":4},"end":{"line":28,"column":5}},"type":"if","locations":[{"start":{"line":22,"column":4},"end":{"line":28,"column":5}},{"start":{},"end":{}}],"line":22},"1":{"loc":{"start":{"line":44,"column":4},"end":{"line":50,"column":5}},"type":"if","locations":[{"start":{"line":44,"column":4},"end":{"line":50,"column":5}},{"start":{},"end":{}}],"line":44},"2":{"loc":{"start":{"line":67,"column":4},"end":{"line":73,"column":5}},"type":"if","locations":[{"start":{"line":67,"column":4},"end":{"line":73,"column":5}},{"start":{},"end":{}}],"line":67},"3":{"loc":{"start":{"line":89,"column":4},"end":{"line":95,"column":5}},"type":"if","locations":[{"start":{"line":89,"column":4},"end":{"line":95,"column":5}},{"start":{},"end":{}}],"line":89}},"s":{"0":1,"1":1,"2":1,"3":1,"4":4,"5":1,"6":1,"7":1,"8":2,"9":2,"10":2,"11":1,"12":1,"13":1,"14":0,"15":0,"16":1,"17":2,"18":2,"19":2,"20":1,"21":1,"22":1,"23":0,"24":0,"25":1,"26":2,"27":2,"28":2,"29":2,"30":2,"31":2,"32":1,"33":1,"34":1,"35":0,"36":0,"37":1,"38":2,"39":2,"40":2,"41":2,"42":2,"43":1,"44":1,"45":1,"46":0,"47":0,"48":1},"f":{"0":4,"1":2,"2":2,"3":2,"4":2},"b":{"0":[1,1],"1":[1,1],"2":[1,1],"3":[1,1]},"_coverageSchema":"1a1c01bbd47fc00a2c39e90264f33305004495a9","hash":"08915fc3ed2c853d4fb9ede00c7cb9df6b951c79"}
,"/Users/encora/Documents/paymaya-projects/hedwig-console-api/controllers/UserController.js": {"path":"/Users/encora/Documents/paymaya-projects/hedwig-console-api/controllers/UserController.js","statementMap":{"0":{"start":{"line":1,"column":23},"end":{"line":1,"column":25}},"1":{"start":{"line":2,"column":17},"end":{"line":2,"column":37}},"2":{"start":{"line":3,"column":25},"end":{"line":3,"column":51}},"3":{"start":{"line":4,"column":12},"end":{"line":4,"column":35}},"4":{"start":{"line":5,"column":12},"end":{"line":5,"column":34}},"5":{"start":{"line":6,"column":20},"end":{"line":6,"column":59}},"6":{"start":{"line":7,"column":22},"end":{"line":7,"column":63}},"7":{"start":{"line":8,"column":19},"end":{"line":8,"column":52}},"8":{"start":{"line":9,"column":18},"end":{"line":9,"column":50}},"9":{"start":{"line":10,"column":16},"end":{"line":10,"column":33}},"10":{"start":{"line":11,"column":11},"end":{"line":11,"column":41}},"11":{"start":{"line":20,"column":4},"end":{"line":20,"column":23}},"12":{"start":{"line":22,"column":15},"end":{"line":22,"column":40}},"13":{"start":{"line":24,"column":13},"end":{"line":26,"column":1}},"14":{"start":{"line":25,"column":2},"end":{"line":25,"column":29}},"15":{"start":{"line":28,"column":0},"end":{"line":45,"column":2}},"16":{"start":{"line":29,"column":2},"end":{"line":44,"column":3}},"17":{"start":{"line":30,"column":26},"end":{"line":30,"column":50}},"18":{"start":{"line":31,"column":19},"end":{"line":31,"column":56}},"19":{"start":{"line":32,"column":24},"end":{"line":32,"column":69}},"20":{"start":{"line":33,"column":4},"end":{"line":36,"column":5}},"21":{"start":{"line":34,"column":6},"end":{"line":34,"column":56}},"22":{"start":{"line":35,"column":6},"end":{"line":35,"column":31}},"23":{"start":{"line":37,"column":4},"end":{"line":37,"column":38}},"24":{"start":{"line":39,"column":4},"end":{"line":39,"column":56}},"25":{"start":{"line":40,"column":4},"end":{"line":43,"column":7}},"26":{"start":{"line":47,"column":0},"end":{"line":63,"column":2}},"27":{"start":{"line":48,"column":2},"end":{"line":62,"column":3}},"28":{"start":{"line":49,"column":50},"end":{"line":49,"column":59}},"29":{"start":{"line":50,"column":24},"end":{"line":50,"column":71}},"30":{"start":{"line":51,"column":4},"end":{"line":54,"column":5}},"31":{"start":{"line":52,"column":6},"end":{"line":52,"column":57}},"32":{"start":{"line":53,"column":6},"end":{"line":53,"column":31}},"33":{"start":{"line":55,"column":4},"end":{"line":55,"column":38}},"34":{"start":{"line":57,"column":4},"end":{"line":57,"column":58}},"35":{"start":{"line":58,"column":4},"end":{"line":61,"column":7}},"36":{"start":{"line":65,"column":0},"end":{"line":88,"column":2}},"37":{"start":{"line":66,"column":2},"end":{"line":87,"column":3}},"38":{"start":{"line":67,"column":20},"end":{"line":67,"column":28}},"39":{"start":{"line":68,"column":15},"end":{"line":68,"column":28}},"40":{"start":{"line":69,"column":28},"end":{"line":69,"column":41}},"41":{"start":{"line":71,"column":4},"end":{"line":73,"column":5}},"42":{"start":{"line":72,"column":6},"end":{"line":72,"column":50}},"43":{"start":{"line":75,"column":24},"end":{"line":75,"column":73}},"44":{"start":{"line":76,"column":4},"end":{"line":79,"column":5}},"45":{"start":{"line":77,"column":6},"end":{"line":77,"column":55}},"46":{"start":{"line":78,"column":6},"end":{"line":78,"column":31}},"47":{"start":{"line":80,"column":4},"end":{"line":80,"column":71}},"48":{"start":{"line":82,"column":4},"end":{"line":82,"column":55}},"49":{"start":{"line":83,"column":4},"end":{"line":86,"column":7}},"50":{"start":{"line":90,"column":0},"end":{"line":143,"column":2}},"51":{"start":{"line":91,"column":19},"end":{"line":91,"column":36}},"52":{"start":{"line":93,"column":13},"end":{"line":93,"column":17}},"53":{"start":{"line":94,"column":16},"end":{"line":94,"column":21}},"54":{"start":{"line":95,"column":14},"end":{"line":95,"column":33}},"55":{"start":{"line":99,"column":2},"end":{"line":142,"column":3}},"56":{"start":{"line":101,"column":4},"end":{"line":111,"column":5}},"57":{"start":{"line":102,"column":6},"end":{"line":102,"column":57}},"58":{"start":{"line":103,"column":6},"end":{"line":109,"column":7}},"59":{"start":{"line":104,"column":8},"end":{"line":104,"column":58}},"60":{"start":{"line":105,"column":8},"end":{"line":108,"column":11}},"61":{"start":{"line":110,"column":6},"end":{"line":110,"column":52}},"62":{"start":{"line":115,"column":20},"end":{"line":115,"column":51}},"63":{"start":{"line":116,"column":4},"end":{"line":138,"column":5}},"64":{"start":{"line":117,"column":6},"end":{"line":124,"column":9}},"65":{"start":{"line":127,"column":20},"end":{"line":133,"column":8}},"66":{"start":{"line":135,"column":6},"end":{"line":135,"column":54}},"67":{"start":{"line":137,"column":6},"end":{"line":137,"column":52}},"68":{"start":{"line":140,"column":4},"end":{"line":140,"column":46}},"69":{"start":{"line":141,"column":4},"end":{"line":141,"column":64}},"70":{"start":{"line":145,"column":0},"end":{"line":164,"column":2}},"71":{"start":{"line":146,"column":18},"end":{"line":146,"column":36}},"72":{"start":{"line":147,"column":19},"end":{"line":147,"column":32}},"73":{"start":{"line":148,"column":2},"end":{"line":163,"column":3}},"74":{"start":{"line":149,"column":17},"end":{"line":154,"column":5}},"75":{"start":{"line":156,"column":4},"end":{"line":160,"column":5}},"76":{"start":{"line":157,"column":6},"end":{"line":157,"column":75}},"77":{"start":{"line":159,"column":6},"end":{"line":159,"column":66}},"78":{"start":{"line":162,"column":4},"end":{"line":162,"column":14}},"79":{"start":{"line":166,"column":0},"end":{"line":189,"column":2}},"80":{"start":{"line":167,"column":16},"end":{"line":167,"column":30}},"81":{"start":{"line":168,"column":19},"end":{"line":168,"column":36}},"82":{"start":{"line":170,"column":2},"end":{"line":188,"column":3}},"83":{"start":{"line":174,"column":4},"end":{"line":174,"column":65}},"84":{"start":{"line":176,"column":20},"end":{"line":176,"column":48}},"85":{"start":{"line":177,"column":4},"end":{"line":187,"column":5}},"86":{"start":{"line":178,"column":20},"end":{"line":180,"column":8}},"87":{"start":{"line":182,"column":6},"end":{"line":182,"column":49}},"88":{"start":{"line":183,"column":6},"end":{"line":183,"column":39}},"89":{"start":{"line":184,"column":6},"end":{"line":184,"column":66}},"90":{"start":{"line":186,"column":6},"end":{"line":186,"column":63}},"91":{"start":{"line":191,"column":0},"end":{"line":207,"column":2}},"92":{"start":{"line":192,"column":2},"end":{"line":206,"column":3}},"93":{"start":{"line":193,"column":26},"end":{"line":193,"column":50}},"94":{"start":{"line":194,"column":19},"end":{"line":194,"column":56}},"95":{"start":{"line":195,"column":24},"end":{"line":195,"column":69}},"96":{"start":{"line":196,"column":4},"end":{"line":196,"column":38}},"97":{"start":{"line":196,"column":13},"end":{"line":196,"column":38}},"98":{"start":{"line":197,"column":4},"end":{"line":197,"column":37}},"99":{"start":{"line":198,"column":4},"end":{"line":200,"column":7}},"100":{"start":{"line":202,"column":4},"end":{"line":205,"column":7}},"101":{"start":{"line":209,"column":0},"end":{"line":209,"column":32}}},"fnMap":{"0":{"name":"(anonymous_0)","decl":{"start":{"line":24,"column":13},"end":{"line":24,"column":14}},"loc":{"start":{"line":24,"column":33},"end":{"line":26,"column":1}},"line":24},"1":{"name":"(anonymous_1)","decl":{"start":{"line":28,"column":27},"end":{"line":28,"column":28}},"loc":{"start":{"line":28,"column":53},"end":{"line":45,"column":1}},"line":28},"2":{"name":"(anonymous_2)","decl":{"start":{"line":47,"column":29},"end":{"line":47,"column":30}},"loc":{"start":{"line":47,"column":55},"end":{"line":63,"column":1}},"line":47},"3":{"name":"(anonymous_3)","decl":{"start":{"line":65,"column":28},"end":{"line":65,"column":29}},"loc":{"start":{"line":65,"column":54},"end":{"line":88,"column":1}},"line":65},"4":{"name":"(anonymous_4)","decl":{"start":{"line":90,"column":23},"end":{"line":90,"column":24}},"loc":{"start":{"line":90,"column":49},"end":{"line":143,"column":1}},"line":90},"5":{"name":"(anonymous_5)","decl":{"start":{"line":145,"column":28},"end":{"line":145,"column":29}},"loc":{"start":{"line":145,"column":54},"end":{"line":164,"column":1}},"line":145},"6":{"name":"(anonymous_6)","decl":{"start":{"line":166,"column":31},"end":{"line":166,"column":32}},"loc":{"start":{"line":166,"column":57},"end":{"line":189,"column":1}},"line":166},"7":{"name":"(anonymous_7)","decl":{"start":{"line":191,"column":24},"end":{"line":191,"column":25}},"loc":{"start":{"line":191,"column":50},"end":{"line":207,"column":1}},"line":191}},"branchMap":{"0":{"loc":{"start":{"line":33,"column":4},"end":{"line":36,"column":5}},"type":"if","locations":[{"start":{"line":33,"column":4},"end":{"line":36,"column":5}},{"start":{},"end":{}}],"line":33},"1":{"loc":{"start":{"line":49,"column":12},"end":{"line":49,"column":22}},"type":"default-arg","locations":[{"start":{"line":49,"column":20},"end":{"line":49,"column":22}}],"line":49},"2":{"loc":{"start":{"line":49,"column":24},"end":{"line":49,"column":32}},"type":"default-arg","locations":[{"start":{"line":49,"column":31},"end":{"line":49,"column":32}}],"line":49},"3":{"loc":{"start":{"line":49,"column":34},"end":{"line":49,"column":45}},"type":"default-arg","locations":[{"start":{"line":49,"column":43},"end":{"line":49,"column":45}}],"line":49},"4":{"loc":{"start":{"line":51,"column":4},"end":{"line":54,"column":5}},"type":"if","locations":[{"start":{"line":51,"column":4},"end":{"line":54,"column":5}},{"start":{},"end":{}}],"line":51},"5":{"loc":{"start":{"line":71,"column":4},"end":{"line":73,"column":5}},"type":"if","locations":[{"start":{"line":71,"column":4},"end":{"line":73,"column":5}},{"start":{},"end":{}}],"line":71},"6":{"loc":{"start":{"line":76,"column":4},"end":{"line":79,"column":5}},"type":"if","locations":[{"start":{"line":76,"column":4},"end":{"line":79,"column":5}},{"start":{},"end":{}}],"line":76},"7":{"loc":{"start":{"line":101,"column":4},"end":{"line":111,"column":5}},"type":"if","locations":[{"start":{"line":101,"column":4},"end":{"line":111,"column":5}},{"start":{},"end":{}}],"line":101},"8":{"loc":{"start":{"line":103,"column":6},"end":{"line":109,"column":7}},"type":"if","locations":[{"start":{"line":103,"column":6},"end":{"line":109,"column":7}},{"start":{},"end":{}}],"line":103},"9":{"loc":{"start":{"line":116,"column":4},"end":{"line":138,"column":5}},"type":"if","locations":[{"start":{"line":116,"column":4},"end":{"line":138,"column":5}},{"start":{"line":136,"column":11},"end":{"line":138,"column":5}}],"line":116},"10":{"loc":{"start":{"line":156,"column":4},"end":{"line":160,"column":5}},"type":"if","locations":[{"start":{"line":156,"column":4},"end":{"line":160,"column":5}},{"start":{"line":158,"column":11},"end":{"line":160,"column":5}}],"line":156},"11":{"loc":{"start":{"line":170,"column":2},"end":{"line":188,"column":3}},"type":"if","locations":[{"start":{"line":170,"column":2},"end":{"line":188,"column":3}},{"start":{"line":175,"column":9},"end":{"line":188,"column":3}}],"line":170},"12":{"loc":{"start":{"line":171,"column":4},"end":{"line":172,"column":42}},"type":"binary-expr","locations":[{"start":{"line":171,"column":4},"end":{"line":171,"column":35}},{"start":{"line":172,"column":4},"end":{"line":172,"column":42}}],"line":171},"13":{"loc":{"start":{"line":177,"column":4},"end":{"line":187,"column":5}},"type":"if","locations":[{"start":{"line":177,"column":4},"end":{"line":187,"column":5}},{"start":{"line":185,"column":11},"end":{"line":187,"column":5}}],"line":177},"14":{"loc":{"start":{"line":196,"column":4},"end":{"line":196,"column":38}},"type":"if","locations":[{"start":{"line":196,"column":4},"end":{"line":196,"column":38}},{"start":{},"end":{}}],"line":196}},"s":{"0":5,"1":5,"2":5,"3":5,"4":5,"5":5,"6":5,"7":5,"8":5,"9":5,"10":5,"11":5,"12":5,"13":5,"14":3,"15":5,"16":3,"17":3,"18":3,"19":2,"20":2,"21":1,"22":1,"23":1,"24":1,"25":1,"26":5,"27":0,"28":0,"29":0,"30":0,"31":0,"32":0,"33":0,"34":0,"35":0,"36":5,"37":0,"38":0,"39":0,"40":0,"41":0,"42":0,"43":0,"44":0,"45":0,"46":0,"47":0,"48":0,"49":0,"50":5,"51":3,"52":3,"53":3,"54":3,"55":3,"56":3,"57":3,"58":3,"59":1,"60":1,"61":2,"62":2,"63":2,"64":1,"65":1,"66":1,"67":1,"68":0,"69":0,"70":5,"71":3,"72":3,"73":3,"74":3,"75":2,"76":1,"77":1,"78":1,"79":5,"80":4,"81":4,"82":4,"83":2,"84":2,"85":2,"86":1,"87":1,"88":1,"89":1,"90":1,"91":5,"92":2,"93":2,"94":1,"95":1,"96":1,"97":0,"98":1,"99":1,"100":1,"101":5},"f":{"0":3,"1":3,"2":0,"3":0,"4":3,"5":3,"6":4,"7":2},"b":{"0":[1,1],"1":[0],"2":[0],"3":[0],"4":[0,0],"5":[0,0],"6":[0,0],"7":[3,0],"8":[1,2],"9":[1,1],"10":[1,1],"11":[2,2],"12":[4,2],"13":[1,1],"14":[0,1]},"_coverageSchema":"1a1c01bbd47fc00a2c39e90264f33305004495a9","hash":"c71710466f1d3b5ab5eb3a740bd9390b5c404be6"}
,"/Users/encora/Documents/paymaya-projects/hedwig-console-api/lib/constants/acl-config.js": {"path":"/Users/encora/Documents/paymaya-projects/hedwig-console-api/lib/constants/acl-config.js","statementMap":{"0":{"start":{"line":1,"column":44},"end":{"line":1,"column":62}},"1":{"start":{"line":2,"column":27},"end":{"line":2,"column":53}},"2":{"start":{"line":4,"column":18},"end":{"line":34,"column":1}},"3":{"start":{"line":36,"column":0},"end":{"line":36,"column":27}}},"fnMap":{},"branchMap":{},"s":{"0":17,"1":17,"2":17,"3":17},"f":{},"b":{},"_coverageSchema":"1a1c01bbd47fc00a2c39e90264f33305004495a9","hash":"8a2a98da742db0bdde51006e05ae355823014541"}
,"/Users/encora/Documents/paymaya-projects/hedwig-console-api/lib/constants/error-codes.js": {"path":"/Users/encora/Documents/paymaya-projects/hedwig-console-api/lib/constants/error-codes.js","statementMap":{"0":{"start":{"line":1,"column":24},"end":{"line":1,"column":71}},"1":{"start":{"line":3,"column":27},"end":{"line":6,"column":1}},"2":{"start":{"line":8,"column":27},"end":{"line":11,"column":1}},"3":{"start":{"line":13,"column":28},"end":{"line":16,"column":1}},"4":{"start":{"line":18,"column":34},"end":{"line":21,"column":1}},"5":{"start":{"line":23,"column":28},"end":{"line":26,"column":1}},"6":{"start":{"line":28,"column":34},"end":{"line":31,"column":1}},"7":{"start":{"line":33,"column":0},"end":{"line":41,"column":2}}},"fnMap":{},"branchMap":{},"s":{"0":20,"1":20,"2":20,"3":20,"4":20,"5":20,"6":20,"7":20},"f":{},"b":{},"_coverageSchema":"1a1c01bbd47fc00a2c39e90264f33305004495a9","hash":"fae046e986a8675e57d985ebed7cf929836d68eb"}
,"/Users/encora/Documents/paymaya-projects/hedwig-console-api/lib/constants/roles.js": {"path":"/Users/encora/Documents/paymaya-projects/hedwig-console-api/lib/constants/roles.js","statementMap":{"0":{"start":{"line":1,"column":20},"end":{"line":1,"column":21}},"1":{"start":{"line":2,"column":14},"end":{"line":2,"column":15}},"2":{"start":{"line":3,"column":20},"end":{"line":3,"column":21}},"3":{"start":{"line":4,"column":28},"end":{"line":4,"column":34}},"4":{"start":{"line":6,"column":0},"end":{"line":11,"column":2}}},"fnMap":{},"branchMap":{},"s":{"0":18,"1":18,"2":18,"3":18,"4":18},"f":{},"b":{},"_coverageSchema":"1a1c01bbd47fc00a2c39e90264f33305004495a9","hash":"84da7530d873ff45f1cd1eeb2c74f6da487dff5b"}
,"/Users/encora/Documents/paymaya-projects/hedwig-console-api/lib/constants/success-codes.js": {"path":"/Users/encora/Documents/paymaya-projects/hedwig-console-api/lib/constants/success-codes.js","statementMap":{"0":{"start":{"line":1,"column":21},"end":{"line":1,"column":77}},"1":{"start":{"line":3,"column":23},"end":{"line":3,"column":76}},"2":{"start":{"line":5,"column":0},"end":{"line":8,"column":2}}},"fnMap":{},"branchMap":{},"s":{"0":5,"1":5,"2":5},"f":{},"b":{},"_coverageSchema":"1a1c01bbd47fc00a2c39e90264f33305004495a9","hash":"a04309436716751ccae7dd60acb83afdb72ee221"}
,"/Users/encora/Documents/paymaya-projects/hedwig-console-api/lib/date-time/index.js": {"path":"/Users/encora/Documents/paymaya-projects/hedwig-console-api/lib/date-time/index.js","statementMap":{"0":{"start":{"line":1,"column":22},"end":{"line":8,"column":1}},"1":{"start":{"line":2,"column":15},"end":{"line":2,"column":25}},"2":{"start":{"line":3,"column":15},"end":{"line":3,"column":33}},"3":{"start":{"line":4,"column":16},"end":{"line":4,"column":57}},"4":{"start":{"line":5,"column":14},"end":{"line":5,"column":54}},"5":{"start":{"line":6,"column":15},"end":{"line":6,"column":38}},"6":{"start":{"line":7,"column":2},"end":{"line":7,"column":40}},"7":{"start":{"line":10,"column":0},"end":{"line":12,"column":2}}},"fnMap":{"0":{"name":"(anonymous_0)","decl":{"start":{"line":1,"column":22},"end":{"line":1,"column":23}},"loc":{"start":{"line":1,"column":28},"end":{"line":8,"column":1}},"line":1}},"branchMap":{},"s":{"0":17,"1":3,"2":3,"3":3,"4":3,"5":3,"6":3,"7":17},"f":{"0":3},"b":{},"_coverageSchema":"1a1c01bbd47fc00a2c39e90264f33305004495a9","hash":"a2ee3247753b50672946287bd856404d59292302"}
,"/Users/encora/Documents/paymaya-projects/hedwig-console-api/lib/jwt/jwt-helper.js": {"path":"/Users/encora/Documents/paymaya-projects/hedwig-console-api/lib/jwt/jwt-helper.js","statementMap":{"0":{"start":{"line":1,"column":18},"end":{"line":1,"column":20}},"1":{"start":{"line":2,"column":12},"end":{"line":2,"column":35}},"2":{"start":{"line":3,"column":19},"end":{"line":3,"column":41}},"3":{"start":{"line":5,"column":0},"end":{"line":12,"column":2}},"4":{"start":{"line":6,"column":2},"end":{"line":11,"column":3}},"5":{"start":{"line":7,"column":18},"end":{"line":7,"column":76}},"6":{"start":{"line":8,"column":4},"end":{"line":8,"column":17}},"7":{"start":{"line":10,"column":4},"end":{"line":10,"column":17}},"8":{"start":{"line":14,"column":0},"end":{"line":29,"column":2}},"9":{"start":{"line":15,"column":16},"end":{"line":15,"column":40}},"10":{"start":{"line":16,"column":2},"end":{"line":16,"column":42}},"11":{"start":{"line":16,"column":29},"end":{"line":16,"column":42}},"12":{"start":{"line":18,"column":2},"end":{"line":28,"column":3}},"13":{"start":{"line":19,"column":20},"end":{"line":19,"column":37}},"14":{"start":{"line":20,"column":4},"end":{"line":22,"column":5}},"15":{"start":{"line":21,"column":6},"end":{"line":21,"column":31}},"16":{"start":{"line":23,"column":15},"end":{"line":23,"column":50}},"17":{"start":{"line":24,"column":4},"end":{"line":24,"column":20}},"18":{"start":{"line":25,"column":4},"end":{"line":25,"column":16}},"19":{"start":{"line":27,"column":4},"end":{"line":27,"column":17}},"20":{"start":{"line":31,"column":0},"end":{"line":40,"column":2}},"21":{"start":{"line":32,"column":2},"end":{"line":32,"column":42}},"22":{"start":{"line":32,"column":29},"end":{"line":32,"column":42}},"23":{"start":{"line":34,"column":2},"end":{"line":39,"column":3}},"24":{"start":{"line":35,"column":17},"end":{"line":35,"column":52}},"25":{"start":{"line":36,"column":4},"end":{"line":36,"column":16}},"26":{"start":{"line":38,"column":4},"end":{"line":38,"column":17}},"27":{"start":{"line":42,"column":0},"end":{"line":42,"column":27}}},"fnMap":{"0":{"name":"(anonymous_0)","decl":{"start":{"line":5,"column":17},"end":{"line":5,"column":18}},"loc":{"start":{"line":5,"column":51},"end":{"line":12,"column":1}},"line":5},"1":{"name":"(anonymous_1)","decl":{"start":{"line":14,"column":19},"end":{"line":14,"column":20}},"loc":{"start":{"line":14,"column":39},"end":{"line":29,"column":1}},"line":14},"2":{"name":"(anonymous_2)","decl":{"start":{"line":31,"column":19},"end":{"line":31,"column":20}},"loc":{"start":{"line":31,"column":36},"end":{"line":40,"column":1}},"line":31}},"branchMap":{"0":{"loc":{"start":{"line":5,"column":33},"end":{"line":5,"column":46}},"type":"default-arg","locations":[{"start":{"line":5,"column":42},"end":{"line":5,"column":46}}],"line":5},"1":{"loc":{"start":{"line":16,"column":2},"end":{"line":16,"column":42}},"type":"if","locations":[{"start":{"line":16,"column":2},"end":{"line":16,"column":42}},{"start":{},"end":{}}],"line":16},"2":{"loc":{"start":{"line":20,"column":4},"end":{"line":22,"column":5}},"type":"if","locations":[{"start":{"line":20,"column":4},"end":{"line":22,"column":5}},{"start":{},"end":{}}],"line":20},"3":{"loc":{"start":{"line":32,"column":2},"end":{"line":32,"column":42}},"type":"if","locations":[{"start":{"line":32,"column":2},"end":{"line":32,"column":42}},{"start":{},"end":{}}],"line":32}},"s":{"0":19,"1":19,"2":19,"3":19,"4":1,"5":1,"6":1,"7":0,"8":19,"9":0,"10":0,"11":0,"12":0,"13":0,"14":0,"15":0,"16":0,"17":0,"18":0,"19":0,"20":19,"21":1,"22":0,"23":1,"24":1,"25":1,"26":0,"27":19},"f":{"0":1,"1":0,"2":1},"b":{"0":[1],"1":[0,0],"2":[0,0],"3":[0,1]},"_coverageSchema":"1a1c01bbd47fc00a2c39e90264f33305004495a9","hash":"a831edcec34b9c94ed75edfb9f121e3920f9a6c6"}
,"/Users/encora/Documents/paymaya-projects/hedwig-console-api/lib/loggers/index.js": {"path":"/Users/encora/Documents/paymaya-projects/hedwig-console-api/lib/loggers/index.js","statementMap":{"0":{"start":{"line":1,"column":16},"end":{"line":1,"column":34}},"1":{"start":{"line":3,"column":15},"end":{"line":6,"column":2}},"2":{"start":{"line":8,"column":0},"end":{"line":8,"column":24}}},"fnMap":{},"branchMap":{},"s":{"0":42,"1":42,"2":42},"f":{},"b":{},"_coverageSchema":"1a1c01bbd47fc00a2c39e90264f33305004495a9","hash":"e9e12e85bc23ad43b2de15ca4455482a5cb40c62"}
,"/Users/encora/Documents/paymaya-projects/hedwig-console-api/lib/passport/index.js": {"path":"/Users/encora/Documents/paymaya-projects/hedwig-console-api/lib/passport/index.js","statementMap":{"0":{"start":{"line":1,"column":23},"end":{"line":1,"column":45}},"1":{"start":{"line":3,"column":0},"end":{"line":5,"column":2}}},"fnMap":{},"branchMap":{},"s":{"0":5,"1":5},"f":{},"b":{},"_coverageSchema":"1a1c01bbd47fc00a2c39e90264f33305004495a9","hash":"9a40357ac0ba55596427ac628c7c6e27df990c0e"}
,"/Users/encora/Documents/paymaya-projects/hedwig-console-api/lib/passport/ldap-auth.js": {"path":"/Users/encora/Documents/paymaya-projects/hedwig-console-api/lib/passport/ldap-auth.js","statementMap":{"0":{"start":{"line":1,"column":17},"end":{"line":1,"column":36}},"1":{"start":{"line":2,"column":21},"end":{"line":2,"column":49}},"2":{"start":{"line":4,"column":15},"end":{"line":10,"column":1}},"3":{"start":{"line":12,"column":21},"end":{"line":44,"column":1}},"4":{"start":{"line":13,"column":15},"end":{"line":30,"column":3}},"5":{"start":{"line":32,"column":2},"end":{"line":32,"column":39}},"6":{"start":{"line":33,"column":2},"end":{"line":43,"column":5}},"7":{"start":{"line":34,"column":4},"end":{"line":42,"column":17}},"8":{"start":{"line":35,"column":6},"end":{"line":37,"column":7}},"9":{"start":{"line":36,"column":8},"end":{"line":36,"column":38}},"10":{"start":{"line":38,"column":6},"end":{"line":40,"column":7}},"11":{"start":{"line":39,"column":8},"end":{"line":39,"column":54}},"12":{"start":{"line":41,"column":6},"end":{"line":41,"column":29}},"13":{"start":{"line":46,"column":0},"end":{"line":48,"column":2}}},"fnMap":{"0":{"name":"(anonymous_0)","decl":{"start":{"line":12,"column":21},"end":{"line":12,"column":22}},"loc":{"start":{"line":12,"column":35},"end":{"line":44,"column":1}},"line":12},"1":{"name":"(anonymous_1)","decl":{"start":{"line":33,"column":21},"end":{"line":33,"column":22}},"loc":{"start":{"line":33,"column":42},"end":{"line":43,"column":3}},"line":33},"2":{"name":"(anonymous_2)","decl":{"start":{"line":34,"column":57},"end":{"line":34,"column":58}},"loc":{"start":{"line":34,"column":74},"end":{"line":42,"column":5}},"line":34}},"branchMap":{"0":{"loc":{"start":{"line":35,"column":6},"end":{"line":37,"column":7}},"type":"if","locations":[{"start":{"line":35,"column":6},"end":{"line":37,"column":7}},{"start":{},"end":{}}],"line":35},"1":{"loc":{"start":{"line":38,"column":6},"end":{"line":40,"column":7}},"type":"if","locations":[{"start":{"line":38,"column":6},"end":{"line":40,"column":7}},{"start":{},"end":{}}],"line":38}},"s":{"0":5,"1":5,"2":5,"3":5,"4":0,"5":0,"6":0,"7":0,"8":0,"9":0,"10":0,"11":0,"12":0,"13":5},"f":{"0":0,"1":0,"2":0},"b":{"0":[0,0],"1":[0,0]},"_coverageSchema":"1a1c01bbd47fc00a2c39e90264f33305004495a9","hash":"66b697525fb6afd962429a008384e9d15796d15f"}
,"/Users/encora/Documents/paymaya-projects/hedwig-console-api/lib/redis/redis-client.js": {"path":"/Users/encora/Documents/paymaya-projects/hedwig-console-api/lib/redis/redis-client.js","statementMap":{"0":{"start":{"line":1,"column":23},"end":{"line":1,"column":39}},"1":{"start":{"line":2,"column":15},"end":{"line":2,"column":43}},"2":{"start":{"line":3,"column":20},"end":{"line":3,"column":70}},"3":{"start":{"line":5,"column":13},"end":{"line":7,"column":1}},"4":{"start":{"line":6,"column":2},"end":{"line":6,"column":29}},"5":{"start":{"line":9,"column":16},"end":{"line":16,"column":1}},"6":{"start":{"line":10,"column":2},"end":{"line":15,"column":3}},"7":{"start":{"line":11,"column":4},"end":{"line":11,"column":32}},"8":{"start":{"line":12,"column":4},"end":{"line":12,"column":46}},"9":{"start":{"line":14,"column":4},"end":{"line":14,"column":41}},"10":{"start":{"line":18,"column":0},"end":{"line":18,"column":72}},"11":{"start":{"line":18,"column":33},"end":{"line":18,"column":70}},"12":{"start":{"line":19,"column":0},"end":{"line":19,"column":78}},"13":{"start":{"line":19,"column":37},"end":{"line":19,"column":76}},"14":{"start":{"line":20,"column":0},"end":{"line":20,"column":64}},"15":{"start":{"line":20,"column":30},"end":{"line":20,"column":62}},"16":{"start":{"line":22,"column":0},"end":{"line":22,"column":10}},"17":{"start":{"line":24,"column":0},"end":{"line":24,"column":29}}},"fnMap":{"0":{"name":"(anonymous_0)","decl":{"start":{"line":5,"column":13},"end":{"line":5,"column":14}},"loc":{"start":{"line":5,"column":33},"end":{"line":7,"column":1}},"line":5},"1":{"name":"(anonymous_1)","decl":{"start":{"line":9,"column":16},"end":{"line":9,"column":17}},"loc":{"start":{"line":9,"column":28},"end":{"line":16,"column":1}},"line":9},"2":{"name":"(anonymous_2)","decl":{"start":{"line":18,"column":24},"end":{"line":18,"column":25}},"loc":{"start":{"line":18,"column":33},"end":{"line":18,"column":70}},"line":18},"3":{"name":"(anonymous_3)","decl":{"start":{"line":19,"column":31},"end":{"line":19,"column":32}},"loc":{"start":{"line":19,"column":37},"end":{"line":19,"column":76}},"line":19},"4":{"name":"(anonymous_4)","decl":{"start":{"line":20,"column":24},"end":{"line":20,"column":25}},"loc":{"start":{"line":20,"column":30},"end":{"line":20,"column":62}},"line":20}},"branchMap":{},"s":{"0":21,"1":21,"2":21,"3":21,"4":10,"5":21,"6":21,"7":21,"8":5,"9":0,"10":21,"11":0,"12":21,"13":0,"14":21,"15":5,"16":21,"17":21},"f":{"0":10,"1":21,"2":0,"3":0,"4":5},"b":{},"_coverageSchema":"1a1c01bbd47fc00a2c39e90264f33305004495a9","hash":"d83b9967648ead94728de291ae9d21fd3051e68d"}
,"/Users/encora/Documents/paymaya-projects/hedwig-console-api/lib/validations/authentication-middleware.js": {"path":"/Users/encora/Documents/paymaya-projects/hedwig-console-api/lib/validations/authentication-middleware.js","statementMap":{"0":{"start":{"line":1,"column":13},"end":{"line":1,"column":15}},"1":{"start":{"line":2,"column":20},"end":{"line":2,"column":55}},"2":{"start":{"line":3,"column":18},"end":{"line":3,"column":46}},"3":{"start":{"line":5,"column":0},"end":{"line":19,"column":2}},"4":{"start":{"line":6,"column":2},"end":{"line":18,"column":3}},"5":{"start":{"line":7,"column":20},"end":{"line":7,"column":52}},"6":{"start":{"line":8,"column":4},"end":{"line":10,"column":5}},"7":{"start":{"line":9,"column":6},"end":{"line":9,"column":67}},"8":{"start":{"line":11,"column":4},"end":{"line":15,"column":5}},"9":{"start":{"line":12,"column":6},"end":{"line":12,"column":73}},"10":{"start":{"line":14,"column":6},"end":{"line":14,"column":13}},"11":{"start":{"line":17,"column":4},"end":{"line":17,"column":14}},"12":{"start":{"line":21,"column":0},"end":{"line":35,"column":2}},"13":{"start":{"line":22,"column":24},"end":{"line":22,"column":48}},"14":{"start":{"line":24,"column":2},"end":{"line":34,"column":3}},"15":{"start":{"line":25,"column":20},"end":{"line":25,"column":57}},"16":{"start":{"line":26,"column":4},"end":{"line":31,"column":5}},"17":{"start":{"line":27,"column":6},"end":{"line":27,"column":73}},"18":{"start":{"line":29,"column":6},"end":{"line":29,"column":43}},"19":{"start":{"line":29,"column":29},"end":{"line":29,"column":43}},"20":{"start":{"line":30,"column":6},"end":{"line":30,"column":73}},"21":{"start":{"line":33,"column":4},"end":{"line":33,"column":21}},"22":{"start":{"line":37,"column":0},"end":{"line":37,"column":22}}},"fnMap":{"0":{"name":"(anonymous_0)","decl":{"start":{"line":5,"column":23},"end":{"line":5,"column":24}},"loc":{"start":{"line":5,"column":49},"end":{"line":19,"column":1}},"line":5},"1":{"name":"(anonymous_1)","decl":{"start":{"line":21,"column":15},"end":{"line":21,"column":16}},"loc":{"start":{"line":21,"column":41},"end":{"line":35,"column":1}},"line":21}},"branchMap":{"0":{"loc":{"start":{"line":8,"column":4},"end":{"line":10,"column":5}},"type":"if","locations":[{"start":{"line":8,"column":4},"end":{"line":10,"column":5}},{"start":{},"end":{}}],"line":8},"1":{"loc":{"start":{"line":11,"column":4},"end":{"line":15,"column":5}},"type":"if","locations":[{"start":{"line":11,"column":4},"end":{"line":15,"column":5}},{"start":{"line":13,"column":11},"end":{"line":15,"column":5}}],"line":11},"2":{"loc":{"start":{"line":26,"column":4},"end":{"line":31,"column":5}},"type":"if","locations":[{"start":{"line":26,"column":4},"end":{"line":31,"column":5}},{"start":{"line":28,"column":11},"end":{"line":31,"column":5}}],"line":26},"3":{"loc":{"start":{"line":29,"column":6},"end":{"line":29,"column":43}},"type":"if","locations":[{"start":{"line":29,"column":6},"end":{"line":29,"column":43}},{"start":{},"end":{}}],"line":29}},"s":{"0":1,"1":1,"2":1,"3":1,"4":4,"5":4,"6":3,"7":1,"8":1,"9":0,"10":1,"11":2,"12":1,"13":2,"14":2,"15":2,"16":2,"17":1,"18":1,"19":1,"20":0,"21":0,"22":1},"f":{"0":4,"1":2},"b":{"0":[1,1],"1":[0,1],"2":[1,1],"3":[1,0]},"_coverageSchema":"1a1c01bbd47fc00a2c39e90264f33305004495a9","hash":"c8228e5bfb31610a80d025ff886c1f08be784a7a"}
,"/Users/encora/Documents/paymaya-projects/hedwig-console-api/lib/validations/blast-validation.js": {"path":"/Users/encora/Documents/paymaya-projects/hedwig-console-api/lib/validations/blast-validation.js","statementMap":{"0":{"start":{"line":1,"column":17},"end":{"line":1,"column":45}},"1":{"start":{"line":2,"column":26},"end":{"line":2,"column":58}},"2":{"start":{"line":3,"column":27},"end":{"line":3,"column":53}},"3":{"start":{"line":5,"column":24},"end":{"line":5,"column":26}},"4":{"start":{"line":7,"column":0},"end":{"line":44,"column":2}},"5":{"start":{"line":8,"column":2},"end":{"line":43,"column":5}},"6":{"start":{"line":21,"column":6},"end":{"line":23,"column":7}},"7":{"start":{"line":22,"column":8},"end":{"line":22,"column":50}},"8":{"start":{"line":24,"column":6},"end":{"line":24,"column":18}},"9":{"start":{"line":30,"column":8},"end":{"line":31,"column":64}},"10":{"start":{"line":31,"column":10},"end":{"line":31,"column":64}},"11":{"start":{"line":32,"column":8},"end":{"line":32,"column":20}},"12":{"start":{"line":35,"column":6},"end":{"line":40,"column":7}},"13":{"start":{"line":39,"column":8},"end":{"line":39,"column":42}},"14":{"start":{"line":41,"column":6},"end":{"line":41,"column":18}},"15":{"start":{"line":46,"column":28},"end":{"line":49,"column":1}},"16":{"start":{"line":47,"column":16},"end":{"line":47,"column":32}},"17":{"start":{"line":48,"column":2},"end":{"line":48,"column":28}},"18":{"start":{"line":51,"column":0},"end":{"line":54,"column":2}}},"fnMap":{"0":{"name":"(anonymous_0)","decl":{"start":{"line":7,"column":25},"end":{"line":7,"column":26}},"loc":{"start":{"line":7,"column":31},"end":{"line":44,"column":1}},"line":7},"1":{"name":"(anonymous_1)","decl":{"start":{"line":20,"column":34},"end":{"line":20,"column":35}},"loc":{"start":{"line":20,"column":54},"end":{"line":25,"column":5}},"line":20},"2":{"name":"(anonymous_2)","decl":{"start":{"line":29,"column":14},"end":{"line":29,"column":15}},"loc":{"start":{"line":29,"column":34},"end":{"line":33,"column":7}},"line":29},"3":{"name":"(anonymous_3)","decl":{"start":{"line":34,"column":32},"end":{"line":34,"column":33}},"loc":{"start":{"line":34,"column":52},"end":{"line":42,"column":5}},"line":34},"4":{"name":"(anonymous_4)","decl":{"start":{"line":46,"column":28},"end":{"line":46,"column":29}},"loc":{"start":{"line":46,"column":40},"end":{"line":49,"column":1}},"line":46}},"branchMap":{"0":{"loc":{"start":{"line":21,"column":6},"end":{"line":23,"column":7}},"type":"if","locations":[{"start":{"line":21,"column":6},"end":{"line":23,"column":7}},{"start":{},"end":{}}],"line":21},"1":{"loc":{"start":{"line":21,"column":10},"end":{"line":21,"column":53}},"type":"binary-expr","locations":[{"start":{"line":21,"column":10},"end":{"line":21,"column":40}},{"start":{"line":21,"column":44},"end":{"line":21,"column":53}}],"line":21},"2":{"loc":{"start":{"line":30,"column":8},"end":{"line":31,"column":64}},"type":"if","locations":[{"start":{"line":30,"column":8},"end":{"line":31,"column":64}},{"start":{},"end":{}}],"line":30},"3":{"loc":{"start":{"line":35,"column":6},"end":{"line":40,"column":7}},"type":"if","locations":[{"start":{"line":35,"column":6},"end":{"line":40,"column":7}},{"start":{},"end":{}}],"line":35},"4":{"loc":{"start":{"line":36,"column":8},"end":{"line":37,"column":35}},"type":"binary-expr","locations":[{"start":{"line":36,"column":8},"end":{"line":36,"column":57}},{"start":{"line":37,"column":8},"end":{"line":37,"column":35}}],"line":36}},"s":{"0":18,"1":18,"2":18,"3":18,"4":18,"5":3,"6":3,"7":0,"8":3,"9":3,"10":0,"11":3,"12":3,"13":1,"14":2,"15":18,"16":14,"17":14,"18":18},"f":{"0":3,"1":3,"2":3,"3":3,"4":14},"b":{"0":[0,3],"1":[3,0],"2":[0,3],"3":[1,2],"4":[3,2]},"_coverageSchema":"1a1c01bbd47fc00a2c39e90264f33305004495a9","hash":"5fb52fa8c2395533062f82eed861f7c116a3cc2a"}
,"/Users/encora/Documents/paymaya-projects/hedwig-console-api/lib/validations/file-validation.js": {"path":"/Users/encora/Documents/paymaya-projects/hedwig-console-api/lib/validations/file-validation.js","statementMap":{"0":{"start":{"line":1,"column":12},"end":{"line":1,"column":32}},"1":{"start":{"line":3,"column":21},"end":{"line":15,"column":1}},"2":{"start":{"line":4,"column":22},"end":{"line":8,"column":24}},"3":{"start":{"line":10,"column":2},"end":{"line":12,"column":3}},"4":{"start":{"line":11,"column":4},"end":{"line":11,"column":38}},"5":{"start":{"line":14,"column":2},"end":{"line":14,"column":14}},"6":{"start":{"line":17,"column":23},"end":{"line":19,"column":1}},"7":{"start":{"line":18,"column":2},"end":{"line":18,"column":28}},"8":{"start":{"line":21,"column":0},"end":{"line":23,"column":2}}},"fnMap":{"0":{"name":"(anonymous_0)","decl":{"start":{"line":3,"column":21},"end":{"line":3,"column":22}},"loc":{"start":{"line":3,"column":37},"end":{"line":15,"column":1}},"line":3},"1":{"name":"(anonymous_1)","decl":{"start":{"line":17,"column":23},"end":{"line":17,"column":24}},"loc":{"start":{"line":17,"column":32},"end":{"line":19,"column":1}},"line":17}},"branchMap":{"0":{"loc":{"start":{"line":10,"column":2},"end":{"line":12,"column":3}},"type":"if","locations":[{"start":{"line":10,"column":2},"end":{"line":12,"column":3}},{"start":{},"end":{}}],"line":10}},"s":{"0":6,"1":6,"2":1,"3":1,"4":0,"5":1,"6":6,"7":1,"8":6},"f":{"0":1,"1":1},"b":{"0":[0,1]},"_coverageSchema":"1a1c01bbd47fc00a2c39e90264f33305004495a9","hash":"9347e9ca7a8152eb43a8607c7aa1c52695ae8180"}
,"/Users/encora/Documents/paymaya-projects/hedwig-console-api/lib/validations/users-validation.js": {"path":"/Users/encora/Documents/paymaya-projects/hedwig-console-api/lib/validations/users-validation.js","statementMap":{"0":{"start":{"line":1,"column":24},"end":{"line":1,"column":52}},"1":{"start":{"line":2,"column":26},"end":{"line":2,"column":58}},"2":{"start":{"line":4,"column":23},"end":{"line":4,"column":25}},"3":{"start":{"line":6,"column":0},"end":{"line":23,"column":2}},"4":{"start":{"line":7,"column":2},"end":{"line":22,"column":5}},"5":{"start":{"line":25,"column":0},"end":{"line":42,"column":2}},"6":{"start":{"line":26,"column":2},"end":{"line":41,"column":5}},"7":{"start":{"line":44,"column":0},"end":{"line":44,"column":32}}},"fnMap":{"0":{"name":"(anonymous_0)","decl":{"start":{"line":6,"column":23},"end":{"line":6,"column":24}},"loc":{"start":{"line":6,"column":29},"end":{"line":23,"column":1}},"line":6},"1":{"name":"(anonymous_1)","decl":{"start":{"line":25,"column":28},"end":{"line":25,"column":29}},"loc":{"start":{"line":25,"column":34},"end":{"line":42,"column":1}},"line":25}},"branchMap":{},"s":{"0":1,"1":1,"2":1,"3":1,"4":1,"5":1,"6":1,"7":1},"f":{"0":1,"1":1},"b":{},"_coverageSchema":"1a1c01bbd47fc00a2c39e90264f33305004495a9","hash":"79cc5466f090b06308a922f8e8c34851c834ef05"}
,"/Users/encora/Documents/paymaya-projects/hedwig-console-api/lib/validations/validation-wrappers.js": {"path":"/Users/encora/Documents/paymaya-projects/hedwig-console-api/lib/validations/validation-wrappers.js","statementMap":{"0":{"start":{"line":1,"column":27},"end":{"line":1,"column":55}},"1":{"start":{"line":2,"column":26},"end":{"line":2,"column":61}},"2":{"start":{"line":4,"column":17},"end":{"line":12,"column":1}},"3":{"start":{"line":5,"column":2},"end":{"line":11,"column":4}},"4":{"start":{"line":6,"column":4},"end":{"line":6,"column":76}},"5":{"start":{"line":6,"column":54},"end":{"line":6,"column":73}},"6":{"start":{"line":7,"column":19},"end":{"line":7,"column":40}},"7":{"start":{"line":8,"column":4},"end":{"line":8,"column":40}},"8":{"start":{"line":8,"column":26},"end":{"line":8,"column":40}},"9":{"start":{"line":10,"column":4},"end":{"line":10,"column":70}},"10":{"start":{"line":14,"column":0},"end":{"line":14,"column":26}}},"fnMap":{"0":{"name":"(anonymous_0)","decl":{"start":{"line":4,"column":17},"end":{"line":4,"column":18}},"loc":{"start":{"line":4,"column":34},"end":{"line":12,"column":1}},"line":4},"1":{"name":"(anonymous_1)","decl":{"start":{"line":5,"column":9},"end":{"line":5,"column":10}},"loc":{"start":{"line":5,"column":35},"end":{"line":11,"column":3}},"line":5},"2":{"name":"(anonymous_2)","decl":{"start":{"line":6,"column":38},"end":{"line":6,"column":39}},"loc":{"start":{"line":6,"column":54},"end":{"line":6,"column":73}},"line":6}},"branchMap":{"0":{"loc":{"start":{"line":8,"column":4},"end":{"line":8,"column":40}},"type":"if","locations":[{"start":{"line":8,"column":4},"end":{"line":8,"column":40}},{"start":{},"end":{}}],"line":8}},"s":{"0":19,"1":19,"2":19,"3":5,"4":3,"5":18,"6":3,"7":3,"8":1,"9":2,"10":19},"f":{"0":5,"1":3,"2":18},"b":{"0":[1,2]},"_coverageSchema":"1a1c01bbd47fc00a2c39e90264f33305004495a9","hash":"211bae3d7d05270bde11db69c142e3bd0f351467"}
,"/Users/encora/Documents/paymaya-projects/hedwig-console-api/models/groups.js": {"path":"/Users/encora/Documents/paymaya-projects/hedwig-console-api/models/groups.js","statementMap":{"0":{"start":{"line":2,"column":18},"end":{"line":2,"column":38}},"1":{"start":{"line":3,"column":0},"end":{"line":24,"column":2}},"2":{"start":{"line":9,"column":2},"end":{"line":22,"column":4}},"3":{"start":{"line":23,"column":2},"end":{"line":23,"column":16}}},"fnMap":{"0":{"name":"(anonymous_0)","decl":{"start":{"line":3,"column":17},"end":{"line":3,"column":18}},"loc":{"start":{"line":3,"column":43},"end":{"line":24,"column":1}},"line":3},"1":{"name":"(anonymous_1)","decl":{"start":{"line":5,"column":4},"end":{"line":5,"column":5}},"loc":{"start":{"line":5,"column":29},"end":{"line":7,"column":5}},"line":5}},"branchMap":{},"s":{"0":31,"1":31,"2":31,"3":31},"f":{"0":31,"1":31},"b":{},"_coverageSchema":"1a1c01bbd47fc00a2c39e90264f33305004495a9","hash":"3ad4f053d9d9d37b4781b1442ec4bd44222b9cf1"}
,"/Users/encora/Documents/paymaya-projects/hedwig-console-api/models/index.js": {"path":"/Users/encora/Documents/paymaya-projects/hedwig-console-api/models/index.js","statementMap":{"0":{"start":{"line":3,"column":11},"end":{"line":3,"column":24}},"1":{"start":{"line":4,"column":13},"end":{"line":4,"column":28}},"2":{"start":{"line":5,"column":18},"end":{"line":5,"column":38}},"3":{"start":{"line":6,"column":16},"end":{"line":6,"column":34}},"4":{"start":{"line":7,"column":17},"end":{"line":7,"column":42}},"5":{"start":{"line":8,"column":11},"end":{"line":8,"column":13}},"6":{"start":{"line":10,"column":16},"end":{"line":19,"column":1}},"7":{"start":{"line":21,"column":0},"end":{"line":33,"column":5}},"8":{"start":{"line":23,"column":4},"end":{"line":25,"column":6}},"9":{"start":{"line":28,"column":18},"end":{"line":31,"column":5}},"10":{"start":{"line":32,"column":4},"end":{"line":32,"column":27}},"11":{"start":{"line":35,"column":0},"end":{"line":39,"column":3}},"12":{"start":{"line":36,"column":2},"end":{"line":38,"column":3}},"13":{"start":{"line":37,"column":4},"end":{"line":37,"column":32}},"14":{"start":{"line":41,"column":0},"end":{"line":41,"column":25}},"15":{"start":{"line":42,"column":0},"end":{"line":42,"column":25}},"16":{"start":{"line":44,"column":0},"end":{"line":44,"column":20}}},"fnMap":{"0":{"name":"(anonymous_0)","decl":{"start":{"line":22,"column":10},"end":{"line":22,"column":11}},"loc":{"start":{"line":22,"column":20},"end":{"line":26,"column":3}},"line":22},"1":{"name":"(anonymous_1)","decl":{"start":{"line":27,"column":11},"end":{"line":27,"column":12}},"loc":{"start":{"line":27,"column":21},"end":{"line":33,"column":3}},"line":27},"2":{"name":"(anonymous_2)","decl":{"start":{"line":35,"column":24},"end":{"line":35,"column":25}},"loc":{"start":{"line":35,"column":39},"end":{"line":39,"column":1}},"line":35}},"branchMap":{"0":{"loc":{"start":{"line":24,"column":6},"end":{"line":24,"column":78}},"type":"binary-expr","locations":[{"start":{"line":24,"column":6},"end":{"line":24,"column":29}},{"start":{"line":24,"column":33},"end":{"line":24,"column":50}},{"start":{"line":24,"column":54},"end":{"line":24,"column":78}}],"line":24},"1":{"loc":{"start":{"line":36,"column":2},"end":{"line":38,"column":3}},"type":"if","locations":[{"start":{"line":36,"column":2},"end":{"line":38,"column":3}},{"start":{},"end":{}}],"line":36}},"s":{"0":31,"1":31,"2":31,"3":31,"4":31,"5":31,"6":31,"7":31,"8":217,"9":186,"10":186,"11":31,"12":186,"13":186,"14":31,"15":31,"16":31},"f":{"0":217,"1":186,"2":186},"b":{"0":[217,217,186],"1":[186,0]},"_coverageSchema":"1a1c01bbd47fc00a2c39e90264f33305004495a9","hash":"e97d986cd649478e0a1866510d28937cf90bcf79"}
,"/Users/encora/Documents/paymaya-projects/hedwig-console-api/models/master-file.js": {"path":"/Users/encora/Documents/paymaya-projects/hedwig-console-api/models/master-file.js","statementMap":{"0":{"start":{"line":2,"column":18},"end":{"line":2,"column":38}},"1":{"start":{"line":3,"column":0},"end":{"line":27,"column":2}},"2":{"start":{"line":9,"column":2},"end":{"line":25,"column":4}},"3":{"start":{"line":26,"column":2},"end":{"line":26,"column":21}}},"fnMap":{"0":{"name":"(anonymous_0)","decl":{"start":{"line":3,"column":17},"end":{"line":3,"column":18}},"loc":{"start":{"line":3,"column":43},"end":{"line":27,"column":1}},"line":3},"1":{"name":"(anonymous_1)","decl":{"start":{"line":5,"column":4},"end":{"line":5,"column":5}},"loc":{"start":{"line":5,"column":29},"end":{"line":7,"column":5}},"line":5}},"branchMap":{},"s":{"0":31,"1":31,"2":31,"3":31},"f":{"0":31,"1":31},"b":{},"_coverageSchema":"1a1c01bbd47fc00a2c39e90264f33305004495a9","hash":"d110f9b14a7fb634ae9c0bcc4793985c75ec2f48"}
,"/Users/encora/Documents/paymaya-projects/hedwig-console-api/models/sender-masks.js": {"path":"/Users/encora/Documents/paymaya-projects/hedwig-console-api/models/sender-masks.js","statementMap":{"0":{"start":{"line":2,"column":18},"end":{"line":2,"column":38}},"1":{"start":{"line":3,"column":0},"end":{"line":24,"column":2}},"2":{"start":{"line":9,"column":2},"end":{"line":22,"column":4}},"3":{"start":{"line":23,"column":2},"end":{"line":23,"column":21}}},"fnMap":{"0":{"name":"(anonymous_0)","decl":{"start":{"line":3,"column":17},"end":{"line":3,"column":18}},"loc":{"start":{"line":3,"column":43},"end":{"line":24,"column":1}},"line":3},"1":{"name":"(anonymous_1)","decl":{"start":{"line":5,"column":4},"end":{"line":5,"column":5}},"loc":{"start":{"line":5,"column":29},"end":{"line":7,"column":5}},"line":5}},"branchMap":{},"s":{"0":31,"1":31,"2":31,"3":31},"f":{"0":31,"1":31},"b":{},"_coverageSchema":"1a1c01bbd47fc00a2c39e90264f33305004495a9","hash":"8f94b0ed02b7173847adbea3a17f7085caac1297"}
,"/Users/encora/Documents/paymaya-projects/hedwig-console-api/models/sms-blast.js": {"path":"/Users/encora/Documents/paymaya-projects/hedwig-console-api/models/sms-blast.js","statementMap":{"0":{"start":{"line":2,"column":18},"end":{"line":2,"column":38}},"1":{"start":{"line":6,"column":4},"end":{"line":6,"column":27}},"2":{"start":{"line":7,"column":0},"end":{"line":41,"column":2}},"3":{"start":{"line":13,"column":2},"end":{"line":39,"column":4}},"4":{"start":{"line":40,"column":2},"end":{"line":40,"column":19}}},"fnMap":{"0":{"name":"(anonymous_0)","decl":{"start":{"line":7,"column":17},"end":{"line":7,"column":18}},"loc":{"start":{"line":7,"column":43},"end":{"line":41,"column":1}},"line":7},"1":{"name":"(anonymous_1)","decl":{"start":{"line":9,"column":4},"end":{"line":9,"column":5}},"loc":{"start":{"line":9,"column":29},"end":{"line":11,"column":5}},"line":9}},"branchMap":{},"s":{"0":31,"1":31,"2":31,"3":31,"4":31},"f":{"0":31,"1":31},"b":{},"_coverageSchema":"1a1c01bbd47fc00a2c39e90264f33305004495a9","hash":"f0bf108991f85278d88747c4f9439df98f8e27ee"}
,"/Users/encora/Documents/paymaya-projects/hedwig-console-api/models/splitted-file.js": {"path":"/Users/encora/Documents/paymaya-projects/hedwig-console-api/models/splitted-file.js","statementMap":{"0":{"start":{"line":2,"column":18},"end":{"line":2,"column":38}},"1":{"start":{"line":3,"column":0},"end":{"line":28,"column":2}},"2":{"start":{"line":9,"column":2},"end":{"line":26,"column":4}},"3":{"start":{"line":27,"column":2},"end":{"line":27,"column":23}}},"fnMap":{"0":{"name":"(anonymous_0)","decl":{"start":{"line":3,"column":17},"end":{"line":3,"column":18}},"loc":{"start":{"line":3,"column":43},"end":{"line":28,"column":1}},"line":3},"1":{"name":"(anonymous_1)","decl":{"start":{"line":5,"column":4},"end":{"line":5,"column":5}},"loc":{"start":{"line":5,"column":29},"end":{"line":7,"column":5}},"line":5}},"branchMap":{},"s":{"0":31,"1":31,"2":31,"3":31},"f":{"0":31,"1":31},"b":{},"_coverageSchema":"1a1c01bbd47fc00a2c39e90264f33305004495a9","hash":"1d92f2624c3151e85c5f145e323f1c097ee3acc3"}
,"/Users/encora/Documents/paymaya-projects/hedwig-console-api/models/user.js": {"path":"/Users/encora/Documents/paymaya-projects/hedwig-console-api/models/user.js","statementMap":{"0":{"start":{"line":2,"column":18},"end":{"line":2,"column":38}},"1":{"start":{"line":3,"column":0},"end":{"line":28,"column":2}},"2":{"start":{"line":9,"column":2},"end":{"line":26,"column":4}},"3":{"start":{"line":27,"column":2},"end":{"line":27,"column":14}}},"fnMap":{"0":{"name":"(anonymous_0)","decl":{"start":{"line":3,"column":17},"end":{"line":3,"column":18}},"loc":{"start":{"line":3,"column":43},"end":{"line":28,"column":1}},"line":3},"1":{"name":"(anonymous_1)","decl":{"start":{"line":5,"column":4},"end":{"line":5,"column":5}},"loc":{"start":{"line":5,"column":29},"end":{"line":7,"column":5}},"line":5}},"branchMap":{},"s":{"0":31,"1":31,"2":31,"3":31},"f":{"0":31,"1":31},"b":{},"_coverageSchema":"1a1c01bbd47fc00a2c39e90264f33305004495a9","hash":"6357543dc91e652505982c28756e89631b0db1bc"}
,"/Users/encora/Documents/paymaya-projects/hedwig-console-api/services/index.js": {"path":"/Users/encora/Documents/paymaya-projects/hedwig-console-api/services/index.js","statementMap":{"0":{"start":{"line":1,"column":19},"end":{"line":1,"column":55}},"1":{"start":{"line":3,"column":0},"end":{"line":3,"column":32}}},"fnMap":{},"branchMap":{},"s":{"0":7,"1":7},"f":{},"b":{},"_coverageSchema":"1a1c01bbd47fc00a2c39e90264f33305004495a9","hash":"a33b2c64f54b70d343137fe950e3998f36831bd4"}
,"/Users/encora/Documents/paymaya-projects/hedwig-console-api/services/aws/index.js": {"path":"/Users/encora/Documents/paymaya-projects/hedwig-console-api/services/aws/index.js","statementMap":{"0":{"start":{"line":1,"column":15},"end":{"line":1,"column":33}},"1":{"start":{"line":2,"column":15},"end":{"line":2,"column":43}},"2":{"start":{"line":4,"column":13},"end":{"line":6,"column":1}},"3":{"start":{"line":5,"column":2},"end":{"line":5,"column":29}},"4":{"start":{"line":8,"column":21},"end":{"line":24,"column":1}},"5":{"start":{"line":15,"column":6},"end":{"line":15,"column":17}},"6":{"start":{"line":16,"column":20},"end":{"line":22,"column":3}},"7":{"start":{"line":23,"column":2},"end":{"line":23,"column":19}},"8":{"start":{"line":26,"column":15},"end":{"line":33,"column":1}},"9":{"start":{"line":27,"column":20},"end":{"line":27,"column":34}},"10":{"start":{"line":28,"column":17},"end":{"line":28,"column":34}},"11":{"start":{"line":30,"column":2},"end":{"line":30,"column":44}},"12":{"start":{"line":31,"column":13},"end":{"line":31,"column":50}},"13":{"start":{"line":32,"column":2},"end":{"line":32,"column":14}},"14":{"start":{"line":35,"column":24},"end":{"line":50,"column":1}},"15":{"start":{"line":36,"column":2},"end":{"line":49,"column":3}},"16":{"start":{"line":37,"column":22},"end":{"line":37,"column":36}},"17":{"start":{"line":38,"column":19},"end":{"line":38,"column":36}},"18":{"start":{"line":39,"column":19},"end":{"line":43,"column":5}},"19":{"start":{"line":44,"column":16},"end":{"line":44,"column":69}},"20":{"start":{"line":45,"column":4},"end":{"line":45,"column":15}},"21":{"start":{"line":47,"column":4},"end":{"line":47,"column":41}},"22":{"start":{"line":48,"column":4},"end":{"line":48,"column":14}},"23":{"start":{"line":52,"column":0},"end":{"line":55,"column":2}}},"fnMap":{"0":{"name":"(anonymous_0)","decl":{"start":{"line":4,"column":13},"end":{"line":4,"column":14}},"loc":{"start":{"line":4,"column":33},"end":{"line":6,"column":1}},"line":4},"1":{"name":"(anonymous_1)","decl":{"start":{"line":8,"column":21},"end":{"line":8,"column":22}},"loc":{"start":{"line":8,"column":27},"end":{"line":24,"column":1}},"line":8},"2":{"name":"(anonymous_2)","decl":{"start":{"line":26,"column":15},"end":{"line":26,"column":16}},"loc":{"start":{"line":26,"column":33},"end":{"line":33,"column":1}},"line":26},"3":{"name":"(anonymous_3)","decl":{"start":{"line":35,"column":24},"end":{"line":35,"column":25}},"loc":{"start":{"line":35,"column":50},"end":{"line":50,"column":1}},"line":35}},"branchMap":{"0":{"loc":{"start":{"line":17,"column":8},"end":{"line":17,"column":73}},"type":"binary-expr","locations":[{"start":{"line":17,"column":8},"end":{"line":17,"column":34}},{"start":{"line":17,"column":38},"end":{"line":17,"column":73}}],"line":17},"1":{"loc":{"start":{"line":18,"column":8},"end":{"line":18,"column":69}},"type":"binary-expr","locations":[{"start":{"line":18,"column":8},"end":{"line":18,"column":34}},{"start":{"line":18,"column":38},"end":{"line":18,"column":69}}],"line":18}},"s":{"0":18,"1":18,"2":18,"3":0,"4":18,"5":4,"6":4,"7":4,"8":18,"9":2,"10":2,"11":2,"12":2,"13":2,"14":18,"15":2,"16":2,"17":2,"18":2,"19":2,"20":2,"21":0,"22":0,"23":18},"f":{"0":0,"1":4,"2":2,"3":2},"b":{"0":[4,0],"1":[4,0]},"_coverageSchema":"1a1c01bbd47fc00a2c39e90264f33305004495a9","hash":"4887c006a84706ff6f132383be6bb4f270bf0b6d"}
,"/Users/encora/Documents/paymaya-projects/hedwig-console-api/services/voyager-cloud-messaging/api.js": {"path":"/Users/encora/Documents/paymaya-projects/hedwig-console-api/services/voyager-cloud-messaging/api.js","statementMap":{"0":{"start":{"line":1,"column":14},"end":{"line":1,"column":30}},"1":{"start":{"line":2,"column":15},"end":{"line":2,"column":43}},"2":{"start":{"line":4,"column":13},"end":{"line":6,"column":1}},"3":{"start":{"line":5,"column":2},"end":{"line":5,"column":29}},"4":{"start":{"line":8,"column":19},"end":{"line":10,"column":20}},"5":{"start":{"line":12,"column":18},"end":{"line":12,"column":39}},"6":{"start":{"line":14,"column":16},"end":{"line":14,"column":35}},"7":{"start":{"line":15,"column":16},"end":{"line":15,"column":20}},"8":{"start":{"line":17,"column":15},"end":{"line":26,"column":1}},"9":{"start":{"line":18,"column":31},"end":{"line":18,"column":35}},"10":{"start":{"line":19,"column":19},"end":{"line":24,"column":4}},"11":{"start":{"line":25,"column":2},"end":{"line":25,"column":18}},"12":{"start":{"line":28,"column":13},"end":{"line":28,"column":62}},"13":{"start":{"line":28,"column":25},"end":{"line":28,"column":62}},"14":{"start":{"line":29,"column":12},"end":{"line":29,"column":60}},"15":{"start":{"line":29,"column":24},"end":{"line":29,"column":60}},"16":{"start":{"line":31,"column":16},"end":{"line":52,"column":1}},"17":{"start":{"line":32,"column":2},"end":{"line":51,"column":3}},"18":{"start":{"line":33,"column":14},"end":{"line":33,"column":41}},"19":{"start":{"line":34,"column":4},"end":{"line":34,"column":37}},"20":{"start":{"line":34,"column":14},"end":{"line":34,"column":37}},"21":{"start":{"line":35,"column":21},"end":{"line":46,"column":6}},"22":{"start":{"line":47,"column":4},"end":{"line":47,"column":20}},"23":{"start":{"line":49,"column":4},"end":{"line":49,"column":41}},"24":{"start":{"line":50,"column":4},"end":{"line":50,"column":16}},"25":{"start":{"line":54,"column":22},"end":{"line":71,"column":1}},"26":{"start":{"line":55,"column":2},"end":{"line":70,"column":3}},"27":{"start":{"line":56,"column":34},"end":{"line":56,"column":41}},"28":{"start":{"line":57,"column":14},"end":{"line":57,"column":47}},"29":{"start":{"line":58,"column":4},"end":{"line":58,"column":46}},"30":{"start":{"line":58,"column":17},"end":{"line":58,"column":46}},"31":{"start":{"line":59,"column":4},"end":{"line":59,"column":37}},"32":{"start":{"line":59,"column":14},"end":{"line":59,"column":37}},"33":{"start":{"line":60,"column":21},"end":{"line":65,"column":6}},"34":{"start":{"line":66,"column":4},"end":{"line":66,"column":20}},"35":{"start":{"line":68,"column":4},"end":{"line":68,"column":41}},"36":{"start":{"line":69,"column":4},"end":{"line":69,"column":16}},"37":{"start":{"line":73,"column":0},"end":{"line":76,"column":2}}},"fnMap":{"0":{"name":"(anonymous_0)","decl":{"start":{"line":4,"column":13},"end":{"line":4,"column":14}},"loc":{"start":{"line":4,"column":33},"end":{"line":6,"column":1}},"line":4},"1":{"name":"(anonymous_1)","decl":{"start":{"line":17,"column":15},"end":{"line":17,"column":16}},"loc":{"start":{"line":17,"column":48},"end":{"line":26,"column":1}},"line":17},"2":{"name":"(anonymous_2)","decl":{"start":{"line":28,"column":13},"end":{"line":28,"column":14}},"loc":{"start":{"line":28,"column":25},"end":{"line":28,"column":62}},"line":28},"3":{"name":"(anonymous_3)","decl":{"start":{"line":29,"column":12},"end":{"line":29,"column":13}},"loc":{"start":{"line":29,"column":24},"end":{"line":29,"column":60}},"line":29},"4":{"name":"(anonymous_4)","decl":{"start":{"line":31,"column":16},"end":{"line":31,"column":17}},"loc":{"start":{"line":31,"column":41},"end":{"line":52,"column":1}},"line":31},"5":{"name":"(anonymous_5)","decl":{"start":{"line":54,"column":22},"end":{"line":54,"column":23}},"loc":{"start":{"line":54,"column":41},"end":{"line":71,"column":1}},"line":54}},"branchMap":{"0":{"loc":{"start":{"line":23,"column":8},"end":{"line":23,"column":36}},"type":"binary-expr","locations":[{"start":{"line":23,"column":8},"end":{"line":23,"column":15}},{"start":{"line":23,"column":19},"end":{"line":23,"column":36}}],"line":23},"1":{"loc":{"start":{"line":34,"column":4},"end":{"line":34,"column":37}},"type":"if","locations":[{"start":{"line":34,"column":4},"end":{"line":34,"column":37}},{"start":{},"end":{}}],"line":34},"2":{"loc":{"start":{"line":40,"column":14},"end":{"line":42,"column":11}},"type":"binary-expr","locations":[{"start":{"line":40,"column":14},"end":{"line":40,"column":18}},{"start":{"line":40,"column":22},"end":{"line":42,"column":11}}],"line":40},"3":{"loc":{"start":{"line":58,"column":4},"end":{"line":58,"column":46}},"type":"if","locations":[{"start":{"line":58,"column":4},"end":{"line":58,"column":46}},{"start":{},"end":{}}],"line":58},"4":{"loc":{"start":{"line":59,"column":4},"end":{"line":59,"column":37}},"type":"if","locations":[{"start":{"line":59,"column":4},"end":{"line":59,"column":37}},{"start":{},"end":{}}],"line":59}},"s":{"0":7,"1":7,"2":7,"3":2,"4":7,"5":7,"6":7,"7":7,"8":7,"9":4,"10":4,"11":2,"12":7,"13":2,"14":7,"15":2,"16":7,"17":2,"18":2,"19":2,"20":0,"21":2,"22":1,"23":1,"24":1,"25":7,"26":2,"27":2,"28":2,"29":2,"30":1,"31":2,"32":1,"33":2,"34":1,"35":1,"36":1,"37":7},"f":{"0":2,"1":4,"2":2,"3":2,"4":2,"5":2},"b":{"0":[4,2],"1":[0,2],"2":[2,0],"3":[1,1],"4":[1,1]},"_coverageSchema":"1a1c01bbd47fc00a2c39e90264f33305004495a9","hash":"9ea278bb7af52ebbb6145293f403dc9dd7ab79a8"}
[...]
2},"end":{"line":62,"column":1}},"line":52},"6":{"name":"(anonymous_6)","decl":{"start":{"line":53,"column":18},"end":{"line":53,"column":19}},"loc":{"start":{"line":53,"column":28},"end":{"line":61,"column":3}},"line":53},"7":{"name":"(anonymous_7)","decl":{"start":{"line":64,"column":22},"end":{"line":64,"column":23}},"loc":{"start":{"line":64,"column":42},"end":{"line":71,"column":1}},"line":64},"8":{"name":"(anonymous_8)","decl":{"start":{"line":73,"column":24},"end":{"line":73,"column":25}},"loc":{"start":{"line":73,"column":40},"end":{"line":87,"column":1}},"line":73},"9":{"name":"(anonymous_9)","decl":{"start":{"line":75,"column":29},"end":{"line":75,"column":30}},"loc":{"start":{"line":75,"column":39},"end":{"line":79,"column":3}},"line":75},"10":{"name":"(anonymous_10)","decl":{"start":{"line":85,"column":35},"end":{"line":85,"column":36}},"loc":{"start":{"line":85,"column":43},"end":{"line":85,"column":45}},"line":85},"11":{"name":"(anonymous_11)","decl":{"start":{"line":89,"column":24},"end":{"line":89,"column":25}},"loc":{"start":{"line":89,"column":34},"end":{"line":98,"column":1}},"line":89},"12":{"name":"(anonymous_12)","decl":{"start":{"line":90,"column":21},"end":{"line":90,"column":22}},"loc":{"start":{"line":90,"column":52},"end":{"line":97,"column":3}},"line":90},"13":{"name":"(anonymous_13)","decl":{"start":{"line":100,"column":18},"end":{"line":100,"column":19}},"loc":{"start":{"line":100,"column":45},"end":{"line":117,"column":1}},"line":100},"14":{"name":"(anonymous_14)","decl":{"start":{"line":101,"column":18},"end":{"line":101,"column":19}},"loc":{"start":{"line":101,"column":36},"end":{"line":116,"column":3}},"line":101},"15":{"name":"(anonymous_15)","decl":{"start":{"line":112,"column":40},"end":{"line":112,"column":41}},"loc":{"start":{"line":112,"column":46},"end":{"line":114,"column":5}},"line":112},"16":{"name":"(anonymous_16)","decl":{"start":{"line":119,"column":20},"end":{"line":119,"column":21}},"loc":{"start":{"line":119,"column":30},"end":{"line":132,"column":1}},"line":119},"17":{"name":"(anonymous_17)","decl":{"start":{"line":120,"column":19},"end":{"line":120,"column":20}},"loc":{"start":{"line":120,"column":35},"end":{"line":131,"column":3}},"line":120},"18":{"name":"(anonymous_18)","decl":{"start":{"line":123,"column":35},"end":{"line":123,"column":36}},"loc":{"start":{"line":123,"column":45},"end":{"line":129,"column":7}},"line":123}},"branchMap":{"0":{"loc":{"start":{"line":76,"column":4},"end":{"line":78,"column":31}},"type":"if","locations":[{"start":{"line":76,"column":4},"end":{"line":78,"column":31}},{"start":{"line":78,"column":9},"end":{"line":78,"column":31}}],"line":76},"1":{"loc":{"start":{"line":92,"column":4},"end":{"line":94,"column":5}},"type":"if","locations":[{"start":{"line":92,"column":4},"end":{"line":94,"column":5}},{"start":{},"end":{}}],"line":92},"2":{"loc":{"start":{"line":100,"column":25},"end":{"line":100,"column":40}},"type":"default-arg","locations":[{"start":{"line":100,"column":36},"end":{"line":100,"column":40}}],"line":100},"3":{"loc":{"start":{"line":102,"column":19},"end":{"line":104,"column":47}},"type":"cond-expr","locations":[{"start":{"line":103,"column":8},"end":{"line":103,"column":16}},{"start":{"line":104,"column":8},"end":{"line":104,"column":47}}],"line":102},"4":{"loc":{"start":{"line":121,"column":4},"end":{"line":121,"column":23}},"type":"if","locations":[{"start":{"line":121,"column":4},"end":{"line":121,"column":23}},{"start":{},"end":{}}],"line":121},"5":{"loc":{"start":{"line":124,"column":8},"end":{"line":127,"column":9}},"type":"if","locations":[{"start":{"line":124,"column":8},"end":{"line":127,"column":9}},{"start":{},"end":{}}],"line":124}},"s":{"0":17,"1":17,"2":17,"3":17,"4":17,"5":17,"6":17,"7":17,"8":1,"9":17,"10":1,"11":1,"12":0,"13":0,"14":17,"15":1,"16":1,"17":0,"18":0,"19":17,"20":1,"21":1,"22":0,"23":0,"24":17,"25":1,"26":1,"27":0,"28":0,"29":17,"30":1,"31":2,"32":2,"33":17,"34":1,"35":1,"36":0,"37":0,"38":17,"39":1,"40":1,"41":10,"42":5,"43":5,"44":1,"45":1,"46":6,"47":1,"48":17,"49":1,"50":10,"51":10,"52":3,"53":10,"54":10,"55":17,"56":1,"57":3,"58":3,"59":3,"60":3,"61":3,"62":17,"63":2,"64":2,"65":0,"66":2,"67":4,"68":1,"69":1,"70":1,"71":0,"72":17},"f":{"0":1,"1":1,"2":1,"3":1,"4":1,"5":1,"6":2,"7":1,"8":1,"9":10,"10":6,"11":1,"12":10,"13":1,"14":3,"15":0,"16":2,"17":2,"18":1},"b":{"0":[5,5],"1":[3,7],"2":[1],"3":[0,3],"4":[0,2],"5":[1,0]},"_coverageSchema":"1a1c01bbd47fc00a2c39e90264f33305004495a9","hash":"4a85fa31cd65bc48330436ff9743046facaab73b"}
,"/Users/encora/Documents/paymaya-projects/hedwig-console-api/utils/groupsUtils.js": {"path":"/Users/encora/Documents/paymaya-projects/hedwig-console-api/utils/groupsUtils.js","statementMap":{"0":{"start":{"line":1,"column":19},"end":{"line":1,"column":39}},"1":{"start":{"line":3,"column":18},"end":{"line":11,"column":1}},"2":{"start":{"line":4,"column":20},"end":{"line":4,"column":24}},"3":{"start":{"line":5,"column":2},"end":{"line":9,"column":3}},"4":{"start":{"line":6,"column":4},"end":{"line":6,"column":58}},"5":{"start":{"line":8,"column":4},"end":{"line":8,"column":41}},"6":{"start":{"line":10,"column":2},"end":{"line":10,"column":21}},"7":{"start":{"line":13,"column":20},"end":{"line":15,"column":1}},"8":{"start":{"line":14,"column":2},"end":{"line":14,"column":38}},"9":{"start":{"line":17,"column":20},"end":{"line":20,"column":1}},"10":{"start":{"line":18,"column":23},"end":{"line":18,"column":30}},"11":{"start":{"line":19,"column":2},"end":{"line":19,"column":58}},"12":{"start":{"line":22,"column":20},"end":{"line":24,"column":1}},"13":{"start":{"line":23,"column":2},"end":{"line":23,"column":49}},"14":{"start":{"line":26,"column":0},"end":{"line":31,"column":2}}},"fnMap":{"0":{"name":"(anonymous_0)","decl":{"start":{"line":3,"column":18},"end":{"line":3,"column":19}},"loc":{"start":{"line":3,"column":39},"end":{"line":11,"column":1}},"line":3},"1":{"name":"(anonymous_1)","decl":{"start":{"line":13,"column":20},"end":{"line":13,"column":21}},"loc":{"start":{"line":13,"column":39},"end":{"line":15,"column":1}},"line":13},"2":{"name":"(anonymous_2)","decl":{"start":{"line":17,"column":20},"end":{"line":17,"column":21}},"loc":{"start":{"line":17,"column":39},"end":{"line":20,"column":1}},"line":17},"3":{"name":"(anonymous_3)","decl":{"start":{"line":22,"column":20},"end":{"line":22,"column":21}},"loc":{"start":{"line":22,"column":34},"end":{"line":24,"column":1}},"line":22}},"branchMap":{"0":{"loc":{"start":{"line":3,"column":25},"end":{"line":3,"column":34}},"type":"default-arg","locations":[{"start":{"line":3,"column":30},"end":{"line":3,"column":34}}],"line":3},"1":{"loc":{"start":{"line":5,"column":2},"end":{"line":9,"column":3}},"type":"if","locations":[{"start":{"line":5,"column":2},"end":{"line":9,"column":3}},{"start":{"line":7,"column":9},"end":{"line":9,"column":3}}],"line":5}},"s":{"0":17,"1":17,"2":0,"3":0,"4":0,"5":0,"6":0,"7":17,"8":0,"9":17,"10":0,"11":0,"12":17,"13":0,"14":17},"f":{"0":0,"1":0,"2":0,"3":0},"b":{"0":[0],"1":[0,0]},"_coverageSchema":"1a1c01bbd47fc00a2c39e90264f33305004495a9","hash":"a4022ec59c23f90adc0c6a084ca033beeccd4049"}
,"/Users/encora/Documents/paymaya-projects/hedwig-console-api/utils/index.js": {"path":"/Users/encora/Documents/paymaya-projects/hedwig-console-api/utils/index.js","statementMap":{"0":{"start":{"line":6,"column":4},"end":{"line":6,"column":26}},"1":{"start":{"line":12,"column":4},"end":{"line":12,"column":27}},"2":{"start":{"line":18,"column":4},"end":{"line":18,"column":33}},"3":{"start":{"line":31,"column":4},"end":{"line":31,"column":26}},"4":{"start":{"line":42,"column":4},"end":{"line":42,"column":27}},"5":{"start":{"line":44,"column":28},"end":{"line":44,"column":58}},"6":{"start":{"line":51,"column":4},"end":{"line":51,"column":28}},"7":{"start":{"line":53,"column":0},"end":{"line":89,"column":2}}},"fnMap":{},"branchMap":{},"s":{"0":17,"1":17,"2":17,"3":17,"4":17,"5":17,"6":17,"7":17},"f":{},"b":{},"_coverageSchema":"1a1c01bbd47fc00a2c39e90264f33305004495a9","hash":"4116cfc9653f3ccdcf6796edf287094d4dacbf4d"}
,"/Users/encora/Documents/paymaya-projects/hedwig-console-api/utils/redisUtils.js": {"path":"/Users/encora/Documents/paymaya-projects/hedwig-console-api/utils/redisUtils.js","statementMap":{"0":{"start":{"line":1,"column":20},"end":{"line":1,"column":56}},"1":{"start":{"line":3,"column":20},"end":{"line":5,"column":1}},"2":{"start":{"line":4,"column":2},"end":{"line":4,"column":39}},"3":{"start":{"line":7,"column":23},"end":{"line":9,"column":1}},"4":{"start":{"line":8,"column":2},"end":{"line":8,"column":44}},"5":{"start":{"line":11,"column":24},"end":{"line":13,"column":1}},"6":{"start":{"line":12,"column":2},"end":{"line":12,"column":45}},"7":{"start":{"line":15,"column":23},"end":{"line":17,"column":1}},"8":{"start":{"line":16,"column":2},"end":{"line":16,"column":36}},"9":{"start":{"line":19,"column":0},"end":{"line":24,"column":2}}},"fnMap":{"0":{"name":"(anonymous_0)","decl":{"start":{"line":3,"column":20},"end":{"line":3,"column":21}},"loc":{"start":{"line":3,"column":44},"end":{"line":5,"column":1}},"line":3},"1":{"name":"(anonymous_1)","decl":{"start":{"line":7,"column":23},"end":{"line":7,"column":24}},"loc":{"start":{"line":7,"column":50},"end":{"line":9,"column":1}},"line":7},"2":{"name":"(anonymous_2)","decl":{"start":{"line":11,"column":24},"end":{"line":11,"column":25}},"loc":{"start":{"line":11,"column":44},"end":{"line":13,"column":1}},"line":11},"3":{"name":"(anonymous_3)","decl":{"start":{"line":15,"column":23},"end":{"line":15,"column":24}},"loc":{"start":{"line":15,"column":38},"end":{"line":17,"column":1}},"line":15}},"branchMap":{},"s":{"0":21,"1":21,"2":1,"3":21,"4":1,"5":21,"6":1,"7":21,"8":1,"9":21},"f":{"0":1,"1":1,"2":1,"3":1},"b":{},"_coverageSchema":"1a1c01bbd47fc00a2c39e90264f33305004495a9","hash":"56b43d293cb923a893d3f5cae93ffd35d351fb8b"}
,"/Users/encora/Documents/paymaya-projects/hedwig-console-api/utils/senderMasksUtils.js": {"path":"/Users/encora/Documents/paymaya-projects/hedwig-console-api/utils/senderMasksUtils.js","statementMap":{"0":{"start":{"line":1,"column":24},"end":{"line":1,"column":44}},"1":{"start":{"line":3,"column":23},"end":{"line":11,"column":1}},"2":{"start":{"line":4,"column":20},"end":{"line":4,"column":24}},"3":{"start":{"line":5,"column":2},"end":{"line":9,"column":3}},"4":{"start":{"line":6,"column":4},"end":{"line":6,"column":63}},"5":{"start":{"line":8,"column":4},"end":{"line":8,"column":46}},"6":{"start":{"line":10,"column":2},"end":{"line":10,"column":21}},"7":{"start":{"line":13,"column":26},"end":{"line":15,"column":1}},"8":{"start":{"line":14,"column":2},"end":{"line":14,"column":43}},"9":{"start":{"line":17,"column":26},"end":{"line":20,"column":1}},"10":{"start":{"line":18,"column":23},"end":{"line":18,"column":30}},"11":{"start":{"line":19,"column":2},"end":{"line":19,"column":63}},"12":{"start":{"line":22,"column":26},"end":{"line":24,"column":1}},"13":{"start":{"line":23,"column":2},"end":{"line":23,"column":54}},"14":{"start":{"line":26,"column":0},"end":{"line":31,"column":2}}},"fnMap":{"0":{"name":"(anonymous_0)","decl":{"start":{"line":3,"column":23},"end":{"line":3,"column":24}},"loc":{"start":{"line":3,"column":44},"end":{"line":11,"column":1}},"line":3},"1":{"name":"(anonymous_1)","decl":{"start":{"line":13,"column":26},"end":{"line":13,"column":27}},"loc":{"start":{"line":13,"column":45},"end":{"line":15,"column":1}},"line":13},"2":{"name":"(anonymous_2)","decl":{"start":{"line":17,"column":26},"end":{"line":17,"column":27}},"loc":{"start":{"line":17,"column":45},"end":{"line":20,"column":1}},"line":17},"3":{"name":"(anonymous_3)","decl":{"start":{"line":22,"column":26},"end":{"line":22,"column":27}},"loc":{"start":{"line":22,"column":40},"end":{"line":24,"column":1}},"line":22}},"branchMap":{"0":{"loc":{"start":{"line":3,"column":30},"end":{"line":3,"column":39}},"type":"default-arg","locations":[{"start":{"line":3,"column":35},"end":{"line":3,"column":39}}],"line":3},"1":{"loc":{"start":{"line":5,"column":2},"end":{"line":9,"column":3}},"type":"if","locations":[{"start":{"line":5,"column":2},"end":{"line":9,"column":3}},{"start":{"line":7,"column":9},"end":{"line":9,"column":3}}],"line":5}},"s":{"0":17,"1":17,"2":3,"3":3,"4":1,"5":2,"6":3,"7":17,"8":1,"9":17,"10":1,"11":1,"12":17,"13":1,"14":17},"f":{"0":3,"1":1,"2":1,"3":1},"b":{"0":[2],"1":[1,2]},"_coverageSchema":"1a1c01bbd47fc00a2c39e90264f33305004495a9","hash":"9e3b050595f88e2d2352931c07ef76d6f322df11"}
,"/Users/encora/Documents/paymaya-projects/hedwig-console-api/utils/userUtils.js": {"path":"/Users/encora/Documents/paymaya-projects/hedwig-console-api/utils/userUtils.js","statementMap":{"0":{"start":{"line":1,"column":11},"end":{"line":1,"column":31}},"1":{"start":{"line":2,"column":18},"end":{"line":2,"column":50}},"2":{"start":{"line":3,"column":40},"end":{"line":3,"column":63}},"3":{"start":{"line":4,"column":17},"end":{"line":4,"column":37}},"4":{"start":{"line":5,"column":18},"end":{"line":5,"column":56}},"5":{"start":{"line":6,"column":31},"end":{"line":6,"column":64}},"6":{"start":{"line":7,"column":27},"end":{"line":7,"column":50}},"7":{"start":{"line":9,"column":15},"end":{"line":9,"column":40}},"8":{"start":{"line":10,"column":16},"end":{"line":10,"column":33}},"9":{"start":{"line":12,"column":13},"end":{"line":14,"column":1}},"10":{"start":{"line":13,"column":2},"end":{"line":13,"column":29}},"11":{"start":{"line":16,"column":24},"end":{"line":21,"column":1}},"12":{"start":{"line":17,"column":16},"end":{"line":17,"column":45}},"13":{"start":{"line":18,"column":2},"end":{"line":18,"column":46}},"14":{"start":{"line":19,"column":2},"end":{"line":19,"column":44}},"15":{"start":{"line":20,"column":2},"end":{"line":20,"column":15}},"16":{"start":{"line":23,"column":23},"end":{"line":26,"column":1}},"17":{"start":{"line":24,"column":17},"end":{"line":24,"column":46}},"18":{"start":{"line":25,"column":2},"end":{"line":25,"column":51}},"19":{"start":{"line":28,"column":24},"end":{"line":34,"column":1}},"20":{"start":{"line":29,"column":18},"end":{"line":29,"column":20}},"21":{"start":{"line":30,"column":2},"end":{"line":32,"column":3}},"22":{"start":{"line":31,"column":4},"end":{"line":31,"column":110}},"23":{"start":{"line":33,"column":2},"end":{"line":33,"column":19}},"24":{"start":{"line":36,"column":23},"end":{"line":52,"column":1}},"25":{"start":{"line":37,"column":38},"end":{"line":37,"column":44}},"26":{"start":{"line":38,"column":21},"end":{"line":38,"column":24}},"27":{"start":{"line":40,"column":21},"end":{"line":40,"column":23}},"28":{"start":{"line":41,"column":2},"end":{"line":43,"column":3}},"29":{"start":{"line":42,"column":4},"end":{"line":42,"column":52}},"30":{"start":{"line":45,"column":14},"end":{"line":45,"column":36}},"31":{"start":{"line":47,"column":2},"end":{"line":49,"column":3}},"32":{"start":{"line":48,"column":4},"end":{"line":48,"column":45}},"33":{"start":{"line":51,"column":2},"end":{"line":51,"column":60}},"34":{"start":{"line":54,"column":34},"end":{"line":59,"column":1}},"35":{"start":{"line":55,"column":26},"end":{"line":55,"column":32}},"36":{"start":{"line":56,"column":17},"end":{"line":56,"column":35}},"37":{"start":{"line":57,"column":18},"end":{"line":57,"column":40}},"38":{"start":{"line":58,"column":2},"end":{"line":58,"column":78}},"39":{"start":{"line":61,"column":21},"end":{"line":78,"column":1}},"40":{"start":{"line":62,"column":2},"end":{"line":77,"column":3}},"41":{"start":{"line":63,"column":21},"end":{"line":63,"column":65}},"42":{"start":{"line":64,"column":18},"end":{"line":64,"column":52}},"43":{"start":{"line":65,"column":16},"end":{"line":65,"column":49}},"44":{"start":{"line":66,"column":17},"end":{"line":66,"column":46}},"45":{"start":{"line":67,"column":4},"end":{"line":70,"column":6}},"46":{"start":{"line":72,"column":4},"end":{"line":75,"column":6}},"47":{"start":{"line":76,"column":4},"end":{"line":76,"column":16}},"48":{"start":{"line":80,"column":34},"end":{"line":97,"column":1}},"49":{"start":{"line":81,"column":15},"end":{"line":81,"column":52}},"50":{"start":{"line":83,"column":21},"end":{"line":88,"column":4}},"51":{"start":{"line":90,"column":2},"end":{"line":94,"column":3}},"52":{"start":{"line":91,"column":4},"end":{"line":93,"column":5}},"53":{"start":{"line":92,"column":6},"end":{"line":92,"column":19}},"54":{"start":{"line":96,"column":2},"end":{"line":96,"column":14}},"55":{"start":{"line":99,"column":0},"end":{"line":104,"column":2}}},"fnMap":{"0":{"name":"(anonymous_0)","decl":{"start":{"line":12,"column":13},"end":{"line":12,"column":14}},"loc":{"start":{"line":12,"column":33},"end":{"line":14,"column":1}},"line":12},"1":{"name":"(anonymous_1)","decl":{"start":{"line":16,"column":24},"end":{"line":16,"column":25}},"loc":{"start":{"line":16,"column":43},"end":{"line":21,"column":1}},"line":16},"2":{"name":"(anonymous_2)","decl":{"start":{"line":23,"column":23},"end":{"line":23,"column":24}},"loc":{"start":{"line":23,"column":40},"end":{"line":26,"column":1}},"line":23},"3":{"name":"(anonymous_3)","decl":{"start":{"line":28,"column":24},"end":{"line":28,"column":25}},"loc":{"start":{"line":28,"column":40},"end":{"line":34,"column":1}},"line":28},"4":{"name":"(anonymous_4)","decl":{"start":{"line":36,"column":23},"end":{"line":36,"column":24}},"loc":{"start":{"line":36,"column":35},"end":{"line":52,"column":1}},"line":36},"5":{"name":"(anonymous_5)","decl":{"start":{"line":54,"column":34},"end":{"line":54,"column":35}},"loc":{"start":{"line":54,"column":46},"end":{"line":59,"column":1}},"line":54},"6":{"name":"(anonymous_6)","decl":{"start":{"line":61,"column":21},"end":{"line":61,"column":22}},"loc":{"start":{"line":61,"column":39},"end":{"line":78,"column":1}},"line":61},"7":{"name":"(anonymous_7)","decl":{"start":{"line":80,"column":34},"end":{"line":80,"column":35}},"loc":{"start":{"line":80,"column":65},"end":{"line":97,"column":1}},"line":80}},"branchMap":{"0":{"loc":{"start":{"line":30,"column":2},"end":{"line":32,"column":3}},"type":"if","locations":[{"start":{"line":30,"column":2},"end":{"line":32,"column":3}},{"start":{},"end":{}}],"line":30},"1":{"loc":{"start":{"line":37,"column":10},"end":{"line":37,"column":25}},"type":"default-arg","locations":[{"start":{"line":37,"column":20},"end":{"line":37,"column":25}}],"line":37},"2":{"loc":{"start":{"line":41,"column":2},"end":{"line":43,"column":3}},"type":"if","locations":[{"start":{"line":41,"column":2},"end":{"line":43,"column":3}},{"start":{},"end":{}}],"line":41},"3":{"loc":{"start":{"line":47,"column":2},"end":{"line":49,"column":3}},"type":"if","locations":[{"start":{"line":47,"column":2},"end":{"line":49,"column":3}},{"start":{},"end":{}}],"line":47},"4":{"loc":{"start":{"line":90,"column":2},"end":{"line":94,"column":3}},"type":"if","locations":[{"start":{"line":90,"column":2},"end":{"line":94,"column":3}},{"start":{},"end":{}}],"line":90},"5":{"loc":{"start":{"line":90,"column":6},"end":{"line":90,"column":77}},"type":"binary-expr","locations":[{"start":{"line":90,"column":6},"end":{"line":90,"column":16}},{"start":{"line":90,"column":20},"end":{"line":90,"column":77}}],"line":90},"6":{"loc":{"start":{"line":91,"column":4},"end":{"line":93,"column":5}},"type":"if","locations":[{"start":{"line":91,"column":4},"end":{"line":93,"column":5}},{"start":{},"end":{}}],"line":91}},"s":{"0":17,"1":17,"2":17,"3":17,"4":17,"5":17,"6":17,"7":17,"8":17,"9":17,"10":0,"11":17,"12":0,"13":0,"14":0,"15":0,"16":17,"17":0,"18":0,"19":17,"20":0,"21":0,"22":0,"23":0,"24":17,"25":0,"26":0,"27":0,"28":0,"29":0,"30":0,"31":0,"32":0,"33":0,"34":17,"35":0,"36":0,"37":0,"38":0,"39":17,"40":0,"41":0,"42":0,"43":0,"44":0,"45":0,"46":0,"47":0,"48":17,"49":0,"50":0,"51":0,"52":0,"53":0,"54":0,"55":17},"f":{"0":0,"1":0,"2":0,"3":0,"4":0,"5":0,"6":0,"7":0},"b":{"0":[0,0],"1":[0],"2":[0,0],"3":[0,0],"4":[0,0],"5":[0,0],"6":[0,0]},"_coverageSchema":"1a1c01bbd47fc00a2c39e90264f33305004495a9","hash":"2f468e3c31ada52f51592c6759ee910bdbb5b933"}
}
