TN:
SF:constants/index.js
FNF:0
FNH:0
DA:1,43
DA:8,43
DA:13,43
DA:21,43
DA:22,43
DA:24,43
DA:29,43
DA:33,43
DA:35,43
DA:43,43
LF:10
LH:10
BRF:0
BRH:0
end_of_record
TN:
SF:controllers/BlastController.js
FN:39,(anonymous_0)
FN:43,(anonymous_1)
FN:73,(anonymous_2)
FN:136,(anonymous_3)
FN:184,(anonymous_4)
FN:186,(anonymous_5)
FN:212,(anonymous_6)
FN:213,(anonymous_7)
FN:214,(anonymous_8)
FN:310,(anonymous_9)
FN:329,(anonymous_10)
FN:356,(anonymous_11)
FNF:12
FNH:11
FNDA:9,(anonymous_0)
FNDA:3,(anonymous_1)
FNDA:2,(anonymous_2)
FNDA:0,(anonymous_3)
FNDA:1,(anonymous_4)
FNDA:1,(anonymous_5)
FNDA:1,(anonymous_6)
FNDA:1,(anonymous_7)
FNDA:1,(anonymous_8)
FNDA:2,(anonymous_9)
FNDA:3,(anonymous_10)
FNDA:2,(anonymous_11)
DA:1,6
DA:2,6
DA:3,6
DA:4,6
DA:5,6
DA:7,6
DA:26,6
DA:33,6
DA:35,6
DA:36,6
DA:37,6
DA:39,6
DA:40,9
DA:43,6
DA:44,3
DA:45,3
DA:47,3
DA:48,2
DA:49,2
DA:51,1
DA:65,2
DA:66,2
DA:73,6
DA:74,2
DA:90,2
DA:91,2
DA:92,2
DA:97,2
DA:99,2
DA:109,2
DA:114,2
DA:115,1
DA:120,1
DA:126,1
DA:132,1
DA:134,1
DA:136,0
DA:137,0
DA:140,0
DA:143,0
DA:148,0
DA:156,0
DA:161,0
DA:162,0
DA:166,0
DA:167,0
DA:171,1
DA:179,1
DA:180,1
DA:181,1
DA:184,1
DA:185,1
DA:187,1
DA:198,1
DA:199,1
DA:200,1
DA:207,1
DA:212,1
DA:213,1
DA:214,1
DA:215,1
DA:216,1
DA:221,1
DA:222,1
DA:223,0
DA:227,0
DA:228,0
DA:229,0
DA:232,0
DA:234,1
DA:244,1
DA:248,1
DA:249,1
DA:250,1
DA:251,1
DA:252,1
DA:257,1
DA:270,1
DA:271,0
DA:275,0
DA:276,0
DA:277,0
DA:280,0
DA:282,1
DA:292,1
DA:297,1
DA:299,1
DA:302,0
DA:303,0
DA:310,6
DA:311,2
DA:312,2
DA:313,2
DA:314,1
DA:315,1
DA:318,1
DA:319,1
DA:321,1
DA:322,1
DA:329,6
DA:330,3
DA:331,3
DA:332,3
DA:333,3
DA:335,2
DA:336,2
DA:337,2
DA:338,0
DA:342,0
DA:343,0
DA:346,2
DA:348,1
DA:349,1
DA:356,6
DA:357,2
DA:358,2
DA:359,2
DA:360,2
DA:361,2
DA:363,0
DA:364,0
DA:371,6
LF:122
LH:95
BRDA:53,0,0,1
BRDA:53,0,1,0
BRDA:106,1,0,2
BRDA:106,1,1,1
BRDA:114,2,0,1
BRDA:114,2,1,1
BRDA:134,3,0,0
BRDA:134,3,1,1
BRDA:161,4,0,0
BRDA:161,4,1,0
BRDA:222,5,0,0
BRDA:222,5,1,1
BRDA:270,6,0,0
BRDA:270,6,1,1
BRDA:314,7,0,0
BRDA:314,8,0,0
BRDA:318,9,0,0
BRDA:318,9,1,1
BRDA:335,10,0,1
BRDA:335,10,1,1
BRDA:337,11,0,0
BRDA:337,11,1,2
BRDA:358,12,0,0
BRDA:358,13,0,0
BRDA:360,14,0,0
BRDA:360,14,1,2
BRF:26
BRH:13
end_of_record
TN:
SF:controllers/SenderMasksController.js
FN:11,(anonymous_0)
FN:19,(anonymous_1)
FN:39,(anonymous_2)
FN:61,(anonymous_3)
FN:84,(anonymous_4)
FNF:5
FNH:5
FNDA:4,(anonymous_0)
FNDA:2,(anonymous_1)
FNDA:2,(anonymous_2)
FNDA:2,(anonymous_3)
FNDA:2,(anonymous_4)
DA:1,1
DA:7,1
DA:9,1
DA:11,1
DA:12,4
DA:16,1
DA:17,1
DA:19,1
DA:20,2
DA:21,2
DA:22,2
DA:23,1
DA:24,1
DA:29,1
DA:31,0
DA:32,0
DA:39,1
DA:40,2
DA:41,2
DA:44,2
DA:45,1
DA:46,1
DA:51,1
DA:53,0
DA:54,0
DA:61,1
DA:62,2
DA:63,2
DA:64,2
DA:65,2
DA:66,2
DA:67,2
DA:68,1
DA:69,1
DA:74,1
DA:76,0
DA:77,0
DA:84,1
DA:85,2
DA:86,2
DA:87,2
DA:88,2
DA:89,2
DA:90,1
DA:91,1
DA:96,1
DA:98,0
DA:99,0
DA:106,1
LF:49
LH:41
BRDA:22,0,0,1
BRDA:22,0,1,1
BRDA:44,1,0,1
BRDA:44,1,1,1
BRDA:67,2,0,1
BRDA:67,2,1,1
BRDA:89,3,0,1
BRDA:89,3,1,1
BRF:8
BRH:8
end_of_record
TN:
SF:controllers/UserController.js
FN:24,(anonymous_0)
FN:28,(anonymous_1)
FN:47,(anonymous_2)
FN:65,(anonymous_3)
FN:90,(anonymous_4)
FN:145,(anonymous_5)
FN:166,(anonymous_6)
FN:191,(anonymous_7)
FNF:8
FNH:6
FNDA:3,(anonymous_0)
FNDA:3,(anonymous_1)
FNDA:0,(anonymous_2)
FNDA:0,(anonymous_3)
FNDA:3,(anonymous_4)
FNDA:3,(anonymous_5)
FNDA:4,(anonymous_6)
FNDA:2,(anonymous_7)
DA:1,5
DA:2,5
DA:3,5
DA:4,5
DA:5,5
DA:6,5
DA:7,5
DA:8,5
DA:9,5
DA:10,5
DA:11,5
DA:20,5
DA:22,5
DA:24,5
DA:25,3
DA:28,5
DA:29,3
DA:30,3
DA:31,3
DA:32,2
DA:33,2
DA:34,1
DA:35,1
DA:37,1
DA:39,1
DA:40,1
DA:47,5
DA:48,0
DA:49,0
DA:50,0
DA:51,0
DA:52,0
DA:53,0
DA:55,0
DA:57,0
DA:58,0
DA:65,5
DA:66,0
DA:67,0
DA:68,0
DA:69,0
DA:71,0
DA:72,0
DA:75,0
DA:76,0
DA:77,0
DA:78,0
DA:80,0
DA:82,0
DA:83,0
DA:90,5
DA:91,3
DA:93,3
DA:94,3
DA:95,3
DA:99,3
DA:101,3
DA:102,3
DA:103,3
DA:104,1
DA:105,1
DA:110,2
DA:115,2
DA:116,2
DA:117,1
DA:127,1
DA:135,1
DA:137,1
DA:140,0
DA:141,0
DA:145,5
DA:146,3
DA:147,3
DA:148,3
DA:149,3
DA:156,2
DA:157,1
DA:159,1
DA:162,1
DA:166,5
DA:167,4
DA:168,4
DA:170,4
DA:174,2
DA:176,2
DA:177,2
DA:178,1
DA:182,1
DA:183,1
DA:184,1
DA:186,1
DA:191,5
DA:192,2
DA:193,2
DA:194,1
DA:195,1
DA:196,1
DA:197,1
DA:198,1
DA:202,1
DA:209,5
LF:101
LH:77
BRDA:33,0,0,1
BRDA:33,0,1,1
BRDA:49,1,0,0
BRDA:49,2,0,0
BRDA:49,3,0,0
BRDA:51,4,0,0
BRDA:51,4,1,0
BRDA:71,5,0,0
BRDA:71,5,1,0
BRDA:76,6,0,0
BRDA:76,6,1,0
BRDA:101,7,0,3
BRDA:101,7,1,0
BRDA:103,8,0,1
BRDA:103,8,1,2
BRDA:116,9,0,1
BRDA:116,9,1,1
BRDA:156,10,0,1
BRDA:156,10,1,1
BRDA:170,11,0,2
BRDA:170,11,1,2
BRDA:171,12,0,4
BRDA:171,12,1,2
BRDA:177,13,0,1
BRDA:177,13,1,1
BRDA:196,14,0,0
BRDA:196,14,1,1
BRF:27
BRH:16
end_of_record
TN:
SF:lib/constants/acl-config.js
FNF:0
FNH:0
DA:1,17
DA:2,17
DA:4,17
DA:36,17
LF:4
LH:4
BRF:0
BRH:0
end_of_record
TN:
SF:lib/constants/error-codes.js
FNF:0
FNH:0
DA:1,20
DA:3,20
DA:8,20
DA:13,20
DA:18,20
DA:23,20
DA:28,20
DA:33,20
LF:8
LH:8
BRF:0
BRH:0
end_of_record
TN:
SF:lib/constants/roles.js
FNF:0
FNH:0
DA:1,18
DA:2,18
DA:3,18
DA:4,18
DA:6,18
LF:5
LH:5
BRF:0
BRH:0
end_of_record
TN:
SF:lib/constants/success-codes.js
FNF:0
FNH:0
DA:1,5
DA:3,5
DA:5,5
LF:3
LH:3
BRF:0
BRH:0
end_of_record
TN:
SF:lib/date-time/index.js
FN:1,(anonymous_0)
FNF:1
FNH:1
FNDA:3,(anonymous_0)
DA:1,17
DA:2,3
DA:3,3
DA:4,3
DA:5,3
DA:6,3
DA:7,3
DA:10,17
LF:8
LH:8
BRF:0
BRH:0
end_of_record
TN:
SF:lib/jwt/jwt-helper.js
FN:5,(anonymous_0)
FN:14,(anonymous_1)
FN:31,(anonymous_2)
FNF:3
FNH:2
FNDA:1,(anonymous_0)
FNDA:0,(anonymous_1)
FNDA:1,(anonymous_2)
DA:1,19
DA:2,19
DA:3,19
DA:5,19
DA:6,1
DA:7,1
DA:8,1
DA:10,0
DA:14,19
DA:15,0
DA:16,0
DA:18,0
DA:19,0
DA:20,0
DA:21,0
DA:23,0
DA:24,0
DA:25,0
DA:27,0
DA:31,19
DA:32,1
DA:34,1
DA:35,1
DA:36,1
DA:38,0
DA:42,19
LF:26
LH:14
BRDA:5,0,0,1
BRDA:16,1,0,0
BRDA:16,1,1,0
BRDA:20,2,0,0
BRDA:20,2,1,0
BRDA:32,3,0,0
BRDA:32,3,1,1
BRF:7
BRH:2
end_of_record
TN:
SF:lib/loggers/index.js
FNF:0
FNH:0
DA:1,42
DA:3,42
DA:8,42
LF:3
LH:3
BRF:0
BRH:0
end_of_record
TN:
SF:lib/passport/index.js
FNF:0
FNH:0
DA:1,5
DA:3,5
LF:2
LH:2
BRF:0
BRH:0
end_of_record
TN:
SF:lib/passport/ldap-auth.js
FN:12,(anonymous_0)
FN:33,(anonymous_1)
FN:34,(anonymous_2)
FNF:3
FNH:0
FNDA:0,(anonymous_0)
FNDA:0,(anonymous_1)
FNDA:0,(anonymous_2)
DA:1,5
DA:2,5
DA:4,5
DA:12,5
DA:13,0
DA:32,0
DA:33,0
DA:34,0
DA:35,0
DA:36,0
DA:38,0
DA:39,0
DA:41,0
DA:46,5
LF:14
LH:5
BRDA:35,0,0,0
BRDA:35,0,1,0
BRDA:38,1,0,0
BRDA:38,1,1,0
BRF:4
BRH:0
end_of_record
TN:
SF:lib/redis/redis-client.js
FN:5,(anonymous_0)
FN:9,(anonymous_1)
FN:18,(anonymous_2)
FN:19,(anonymous_3)
FN:20,(anonymous_4)
FNF:5
FNH:3
FNDA:10,(anonymous_0)
FNDA:21,(anonymous_1)
FNDA:0,(anonymous_2)
FNDA:0,(anonymous_3)
FNDA:5,(anonymous_4)
DA:1,21
DA:2,21
DA:3,21
DA:5,21
DA:6,10
DA:9,21
DA:10,21
DA:11,21
DA:12,5
DA:14,0
DA:18,21
DA:19,21
DA:20,21
DA:22,21
DA:24,21
LF:15
LH:14
BRF:0
BRH:0
end_of_record
TN:
SF:lib/validations/authentication-middleware.js
FN:5,(anonymous_0)
FN:21,(anonymous_1)
FNF:2
FNH:2
FNDA:4,(anonymous_0)
FNDA:2,(anonymous_1)
DA:1,1
DA:2,1
DA:3,1
DA:5,1
DA:6,4
DA:7,4
DA:8,3
DA:9,1
DA:11,1
DA:12,0
DA:14,1
DA:17,2
DA:21,1
DA:22,2
DA:24,2
DA:25,2
DA:26,2
DA:27,1
DA:29,1
DA:30,0
DA:33,0
DA:37,1
LF:22
LH:19
BRDA:8,0,0,1
BRDA:8,0,1,1
BRDA:11,1,0,0
BRDA:11,1,1,1
BRDA:26,2,0,1
BRDA:26,2,1,1
BRDA:29,3,0,1
BRDA:29,3,1,0
BRF:8
BRH:6
end_of_record
TN:
SF:lib/validations/blast-validation.js
FN:7,(anonymous_0)
FN:20,(anonymous_1)
FN:29,(anonymous_2)
FN:34,(anonymous_3)
FN:46,(anonymous_4)
FNF:5
FNH:5
FNDA:3,(anonymous_0)
FNDA:3,(anonymous_1)
FNDA:3,(anonymous_2)
FNDA:3,(anonymous_3)
FNDA:14,(anonymous_4)
DA:1,18
DA:2,18
DA:3,18
DA:5,18
DA:7,18
DA:8,3
DA:21,3
DA:22,0
DA:24,3
DA:30,3
DA:31,0
DA:32,3
DA:35,3
DA:39,1
DA:41,2
DA:46,18
DA:47,14
DA:48,14
DA:51,18
LF:19
LH:17
BRDA:21,0,0,0
BRDA:21,0,1,3
BRDA:21,1,0,3
BRDA:21,1,1,0
BRDA:30,2,0,0
BRDA:30,2,1,3
BRDA:35,3,0,1
BRDA:35,3,1,2
BRDA:36,4,0,3
BRDA:36,4,1,2
BRF:10
BRH:7
end_of_record
TN:
SF:lib/validations/file-validation.js
FN:3,(anonymous_0)
FN:17,(anonymous_1)
FNF:2
FNH:2
FNDA:1,(anonymous_0)
FNDA:1,(anonymous_1)
DA:1,6
DA:3,6
DA:4,1
DA:10,1
DA:11,0
DA:14,1
DA:17,6
DA:18,1
DA:21,6
LF:9
LH:8
BRDA:10,0,0,0
BRDA:10,0,1,1
BRF:2
BRH:1
end_of_record
TN:
SF:lib/validations/users-validation.js
FN:6,(anonymous_0)
FN:25,(anonymous_1)
FNF:2
FNH:2
FNDA:1,(anonymous_0)
FNDA:1,(anonymous_1)
DA:1,1
DA:2,1
DA:4,1
DA:6,1
DA:7,1
DA:25,1
DA:26,1
DA:44,1
LF:8
LH:8
BRF:0
BRH:0
end_of_record
TN:
SF:lib/validations/validation-wrappers.js
FN:4,(anonymous_0)
FN:5,(anonymous_1)
FN:6,(anonymous_2)
FNF:3
FNH:3
FNDA:5,(anonymous_0)
FNDA:3,(anonymous_1)
FNDA:18,(anonymous_2)
DA:1,19
DA:2,19
DA:4,19
DA:5,5
DA:6,18
DA:7,3
DA:8,3
DA:10,2
DA:14,19
LF:9
LH:9
BRDA:8,0,0,1
BRDA:8,0,1,2
BRF:2
BRH:2
end_of_record
TN:
SF:models/groups.js
FN:3,(anonymous_0)
FN:5,(anonymous_1)
FNF:2
FNH:2
FNDA:31,(anonymous_0)
FNDA:31,(anonymous_1)
DA:2,31
DA:3,31
DA:9,31
DA:23,31
LF:4
LH:4
BRF:0
BRH:0
end_of_record
TN:
SF:models/index.js
FN:22,(anonymous_0)
FN:27,(anonymous_1)
FN:35,(anonymous_2)
FNF:3
FNH:3
FNDA:217,(anonymous_0)
FNDA:186,(anonymous_1)
FNDA:186,(anonymous_2)
DA:3,31
DA:4,31
DA:5,31
DA:6,31
DA:7,31
DA:8,31
DA:10,31
DA:21,31
DA:23,217
DA:28,186
DA:32,186
DA:35,31
DA:36,186
DA:37,186
DA:41,31
DA:42,31
DA:44,31
LF:17
LH:17
BRDA:24,0,0,217
BRDA:24,0,1,217
BRDA:24,0,2,186
BRDA:36,1,0,186
BRDA:36,1,1,0
BRF:5
BRH:4
end_of_record
TN:
SF:models/master-file.js
FN:3,(anonymous_0)
FN:5,(anonymous_1)
FNF:2
FNH:2
FNDA:31,(anonymous_0)
FNDA:31,(anonymous_1)
DA:2,31
DA:3,31
DA:9,31
DA:26,31
LF:4
LH:4
BRF:0
BRH:0
end_of_record
TN:
SF:models/sender-masks.js
FN:3,(anonymous_0)
FN:5,(anonymous_1)
FNF:2
FNH:2
FNDA:31,(anonymous_0)
FNDA:31,(anonymous_1)
DA:2,31
DA:3,31
DA:9,31
DA:23,31
LF:4
LH:4
BRF:0
BRH:0
end_of_record
TN:
SF:models/sms-blast.js
FN:7,(anonymous_0)
FN:9,(anonymous_1)
FNF:2
FNH:2
FNDA:31,(anonymous_0)
FNDA:31,(anonymous_1)
DA:2,31
DA:6,31
DA:7,31
DA:13,31
DA:40,31
LF:5
LH:5
BRF:0
BRH:0
end_of_record
TN:
SF:models/splitted-file.js
FN:3,(anonymous_0)
FN:5,(anonymous_1)
FNF:2
FNH:2
FNDA:31,(anonymous_0)
FNDA:31,(anonymous_1)
DA:2,31
DA:3,31
DA:9,31
DA:27,31
LF:4
LH:4
BRF:0
BRH:0
end_of_record
TN:
SF:models/user.js
FN:3,(anonymous_0)
FN:5,(anonymous_1)
FNF:2
FNH:2
FNDA:31,(anonymous_0)
FNDA:31,(anonymous_1)
DA:2,31
DA:3,31
DA:9,31
DA:27,31
LF:4
LH:4
BRF:0
BRH:0
end_of_record
TN:
SF:services/index.js
FNF:0
FNH:0
DA:1,7
DA:3,7
LF:2
LH:2
BRF:0
BRH:0
end_of_record
TN:
SF:services/aws/index.js
FN:4,(anonymous_0)
FN:8,(anonymous_1)
FN:26,(anonymous_2)
FN:35,(anonymous_3)
FNF:4
FNH:3
FNDA:0,(anonymous_0)
FNDA:4,(anonymous_1)
FNDA:2,(anonymous_2)
FNDA:2,(anonymous_3)
DA:1,18
DA:2,18
DA:4,18
DA:5,0
DA:8,18
DA:15,4
DA:16,4
DA:23,4
DA:26,18
DA:27,2
DA:28,2
DA:30,2
DA:31,2
DA:32,2
DA:35,18
DA:36,2
DA:37,2
DA:38,2
DA:39,2
DA:44,2
DA:45,2
DA:47,0
DA:48,0
DA:52,18
LF:24
LH:21
BRDA:17,0,0,4
BRDA:17,0,1,0
BRDA:18,1,0,4
BRDA:18,1,1,0
BRF:4
BRH:2
end_of_record
TN:
SF:services/voyager-cloud-messaging/api.js
FN:4,(anonymous_0)
FN:17,(anonymous_1)
FN:28,(anonymous_2)
FN:29,(anonymous_3)
FN:31,(anonymous_4)
FN:54,(anonymous_5)
FNF:6
FNH:6
FNDA:2,(anonymous_0)
FNDA:4,(anonymous_1)
FNDA:2,(anonymous_2)
FNDA:2,(anonymous_3)
FNDA:2,(anonymous_4)
FNDA:2,(anonymous_5)
DA:1,7
DA:2,7
DA:4,7
DA:5,2
DA:8,7
DA:12,7
DA:14,7
DA:15,7
DA:17,7
DA:18,4
DA:19,4
DA:25,2
DA:28,7
DA:29,7
DA:31,7
DA:32,2
DA:33,2
DA:34,2
DA:35,2
DA:47,1
DA:49,1
DA:50,1
DA:54,7
DA:55,2
DA:56,2
DA:57,2
DA:58,2
DA:59,2
DA:60,2
DA:66,1
DA:68,1
DA:69,1
DA:73,7
LF:33
LH:33
BRDA:23,0,0,4
BRDA:23,0,1,2
BRDA:34,1,0,0
BRDA:34,1,1,2
BRDA:40,2,0,2
BRDA:40,2,1,0
BRDA:58,3,0,1
BRDA:58,3,1,1
BRDA:59,4,0,1
BRDA:59,4,1,1
BRF:10
BRH:8
end_of_record
TN:
SF:services/voyager-cloud-messaging/index.js
FN:3,(anonymous_0)
FN:7,(anonymous_1)
FNF:2
FNH:2
FNDA:1,(anonymous_0)
FNDA:1,(anonymous_1)
DA:1,7
DA:3,7
DA:4,1
DA:7,7
DA:8,1
DA:11,7
LF:6
LH:6
BRDA:3,0,0,0
BRF:1
BRH:0
end_of_record
TN:
SF:utils/activityListUtils.js
FN:5,(anonymous_0)
FN:9,(anonymous_1)
FN:44,(anonymous_2)
FN:52,(anonymous_3)
FN:59,(anonymous_4)
FNF:5
FNH:4
FNDA:1,(anonymous_0)
FNDA:3,(anonymous_1)
FNDA:0,(anonymous_2)
FNDA:1,(anonymous_3)
FNDA:2,(anonymous_4)
DA:1,18
DA:2,18
DA:3,18
DA:5,18
DA:6,1
DA:9,18
DA:10,3
DA:11,3
DA:23,3
DA:30,3
DA:31,3
DA:32,0
DA:35,3
DA:37,3
DA:38,2
DA:41,3
DA:44,18
DA:45,0
DA:46,0
DA:47,0
DA:49,0
DA:52,18
DA:53,1
DA:54,1
DA:55,1
DA:56,1
DA:59,18
DA:60,2
DA:61,2
DA:62,2
DA:63,1
DA:64,1
DA:65,1
DA:70,1
DA:74,1
DA:78,18
LF:36
LH:31
BRDA:10,0,0,1
BRDA:31,1,0,0
BRDA:31,1,1,3
BRDA:37,2,0,2
BRDA:37,2,1,1
BRDA:46,3,0,0
BRDA:46,3,1,0
BRF:7
BRH:4
end_of_record
TN:
SF:utils/awsUtils.js
FN:6,(anonymous_0)
FN:10,(anonymous_1)
FNF:2
FNH:2
FNDA:1,(anonymous_0)
FNDA:2,(anonymous_1)
DA:1,17
DA:2,17
DA:3,17
DA:4,17
DA:6,17
DA:7,1
DA:10,17
DA:11,2
DA:12,2
DA:13,2
DA:18,1
DA:19,1
DA:21,1
DA:24,0
DA:28,0
DA:29,0
DA:33,17
LF:17
LH:14
BRF:0
BRH:0
end_of_record
TN:
SF:utils/blastUtils.js
FN:10,(anonymous_0)
FN:14,(anonymous_1)
FN:19,(anonymous_2)
FN:24,(anonymous_3)
FN:29,(anonymous_4)
FN:32,(anonymous_5)
FN:38,(anonymous_6)
FN:67,(anonymous_7)
FN:91,(anonymous_8)
FN:107,(anonymous_9)
FNF:10
FNH:10
FNDA:3,(anonymous_0)
FNDA:2,(anonymous_1)
FNDA:3,(anonymous_2)
FNDA:2,(anonymous_3)
FNDA:1,(anonymous_4)
FNDA:7,(anonymous_5)
FNDA:1,(anonymous_6)
FNDA:1,(anonymous_7)
FNDA:1,(anonymous_8)
FNDA:1,(anonymous_9)
DA:1,18
DA:2,18
DA:3,18
DA:4,18
DA:5,18
DA:6,18
DA:7,18
DA:8,18
DA:10,18
DA:11,3
DA:14,18
DA:15,2
DA:16,2
DA:19,18
DA:20,3
DA:21,3
DA:24,18
DA:25,2
DA:26,2
DA:29,18
DA:30,1
DA:31,1
DA:32,1
DA:33,7
DA:35,1
DA:38,18
DA:39,1
DA:51,1
DA:52,1
DA:67,18
DA:68,1
DA:73,1
DA:77,1
DA:78,1
DA:85,1
DA:91,18
DA:98,1
DA:99,0
DA:107,18
DA:113,1
DA:116,1
DA:123,1
DA:128,1
DA:135,1
DA:137,1
DA:142,1
DA:143,1
DA:144,1
DA:147,1
DA:150,18
LF:50
LH:49
BRDA:98,0,0,0
BRDA:98,0,1,1
BRDA:111,1,0,0
BRF:3
BRH:1
end_of_record
TN:
SF:utils/fileUtils.js
FN:9,(anonymous_0)
FN:13,(anonymous_1)
FN:25,(anonymous_2)
FN:34,(anonymous_3)
FN:43,(anonymous_4)
FN:52,(anonymous_5)
FN:53,(anonymous_6)
FN:64,(anonymous_7)
FN:73,(anonymous_8)
FN:75,(anonymous_9)
FN:85,(anonymous_10)
FN:89,(anonymous_11)
FN:90,(anonymous_12)
FN:100,(anonymous_13)
FN:101,(anonymous_14)
FN:112,(anonymous_15)
FN:119,(anonymous_16)
FN:120,(anonymous_17)
FN:123,(anonymous_18)
FNF:19
FNH:18
FNDA:1,(anonymous_0)
FNDA:1,(anonymous_1)
FNDA:1,(anonymous_2)
FNDA:1,(anonymous_3)
FNDA:1,(anonymous_4)
FNDA:1,(anonymous_5)
FNDA:2,(anonymous_6)
FNDA:1,(anonymous_7)
FNDA:1,(anonymous_8)
FNDA:10,(anonymous_9)
FNDA:6,(anonymous_10)
FNDA:1,(anonymous_11)
FNDA:10,(anonymous_12)
FNDA:1,(anonymous_13)
FNDA:3,(anonymous_14)
FNDA:0,(anonymous_15)
FNDA:2,(anonymous_16)
FNDA:2,(anonymous_17)
FNDA:1,(anonymous_18)
DA:1,17
DA:2,17
DA:3,17
DA:4,17
DA:5,17
DA:6,17
DA:7,17
DA:9,17
DA:10,1
DA:13,17
DA:14,1
DA:15,1
DA:17,0
DA:21,0
DA:25,17
DA:26,1
DA:27,1
DA:29,0
DA:30,0
DA:34,17
DA:35,1
DA:36,1
DA:38,0
DA:39,0
DA:43,17
DA:44,1
DA:45,1
DA:47,0
DA:48,0
DA:52,17
DA:53,1
DA:54,2
DA:55,2
DA:64,17
DA:65,1
DA:66,1
DA:68,0
DA:69,0
DA:73,17
DA:74,1
DA:75,1
DA:76,10
DA:77,5
DA:78,5
DA:82,1
DA:85,6
DA:86,1
DA:89,17
DA:90,1
DA:91,10
DA:92,10
DA:93,3
DA:95,10
DA:96,10
DA:100,17
DA:101,1
DA:102,3
DA:105,3
DA:108,3
DA:112,3
DA:115,3
DA:119,17
DA:120,2
DA:121,2
DA:122,2
DA:123,4
DA:124,1
DA:125,1
DA:126,1
DA:128,0
DA:134,17
LF:71
LH:60
BRDA:76,0,0,5
BRDA:76,0,1,5
BRDA:92,1,0,3
BRDA:92,1,1,7
BRDA:100,2,0,1
BRDA:102,3,0,0
BRDA:102,3,1,3
BRDA:121,4,0,0
BRDA:121,4,1,2
BRDA:124,5,0,1
BRDA:124,5,1,0
BRF:11
BRH:8
end_of_record
TN:
SF:utils/groupsUtils.js
FN:3,(anonymous_0)
FN:13,(anonymous_1)
FN:17,(anonymous_2)
FN:22,(anonymous_3)
FNF:4
FNH:0
FNDA:0,(anonymous_0)
FNDA:0,(anonymous_1)
FNDA:0,(anonymous_2)
FNDA:0,(anonymous_3)
DA:1,17
DA:3,17
DA:4,0
DA:5,0
DA:6,0
DA:8,0
DA:10,0
DA:13,17
DA:14,0
DA:17,17
DA:18,0
DA:19,0
DA:22,17
DA:23,0
DA:26,17
LF:15
LH:6
BRDA:3,0,0,0
BRDA:5,1,0,0
BRDA:5,1,1,0
BRF:3
BRH:0
end_of_record
TN:
SF:utils/index.js
FNF:0
FNH:0
DA:6,17
DA:12,17
DA:18,17
DA:31,17
DA:42,17
DA:44,17
DA:51,17
DA:53,17
LF:8
LH:8
BRF:0
BRH:0
end_of_record
TN:
SF:utils/redisUtils.js
FN:3,(anonymous_0)
FN:7,(anonymous_1)
FN:11,(anonymous_2)
FN:15,(anonymous_3)
FNF:4
FNH:4
FNDA:1,(anonymous_0)
FNDA:1,(anonymous_1)
FNDA:1,(anonymous_2)
FNDA:1,(anonymous_3)
DA:1,21
DA:3,21
DA:4,1
DA:7,21
DA:8,1
DA:11,21
DA:12,1
DA:15,21
DA:16,1
DA:19,21
LF:10
LH:10
BRF:0
BRH:0
end_of_record
TN:
SF:utils/senderMasksUtils.js
FN:3,(anonymous_0)
FN:13,(anonymous_1)
FN:17,(anonymous_2)
FN:22,(anonymous_3)
FNF:4
FNH:4
FNDA:3,(anonymous_0)
FNDA:1,(anonymous_1)
FNDA:1,(anonymous_2)
FNDA:1,(anonymous_3)
DA:1,17
DA:3,17
DA:4,3
DA:5,3
DA:6,1
DA:8,2
DA:10,3
DA:13,17
DA:14,1
DA:17,17
DA:18,1
DA:19,1
DA:22,17
DA:23,1
DA:26,17
LF:15
LH:15
BRDA:3,0,0,2
BRDA:5,1,0,1
BRDA:5,1,1,2
BRF:3
BRH:3
end_of_record
TN:
SF:utils/userUtils.js
FN:12,(anonymous_0)
FN:16,(anonymous_1)
FN:23,(anonymous_2)
FN:28,(anonymous_3)
FN:36,(anonymous_4)
FN:54,(anonymous_5)
FN:61,(anonymous_6)
FN:80,(anonymous_7)
FNF:8
FNH:0
FNDA:0,(anonymous_0)
FNDA:0,(anonymous_1)
FNDA:0,(anonymous_2)
FNDA:0,(anonymous_3)
FNDA:0,(anonymous_4)
FNDA:0,(anonymous_5)
FNDA:0,(anonymous_6)
FNDA:0,(anonymous_7)
DA:1,17
DA:2,17
DA:3,17
DA:4,17
DA:5,17
DA:6,17
DA:7,17
DA:9,17
DA:10,17
DA:12,17
DA:13,0
DA:16,17
DA:17,0
DA:18,0
DA:19,0
DA:20,0
DA:23,17
DA:24,0
DA:25,0
DA:28,17
DA:29,0
DA:30,0
DA:31,0
DA:33,0
DA:36,17
DA:37,0
DA:38,0
DA:40,0
DA:41,0
DA:42,0
DA:45,0
DA:47,0
DA:48,0
DA:51,0
DA:54,17
DA:55,0
DA:56,0
DA:57,0
DA:58,0
DA:61,17
DA:62,0
DA:63,0
DA:64,0
DA:65,0
DA:66,0
DA:67,0
DA:72,0
DA:76,0
DA:80,17
DA:81,0
DA:83,0
DA:90,0
DA:91,0
DA:92,0
DA:96,0
DA:99,17
LF:56
LH:18
BRDA:30,0,0,0
BRDA:30,0,1,0
BRDA:37,1,0,0
BRDA:41,2,0,0
BRDA:41,2,1,0
BRDA:47,3,0,0
BRDA:47,3,1,0
BRDA:90,4,0,0
BRDA:90,4,1,0
BRDA:90,5,0,0
BRDA:90,5,1,0
BRDA:91,6,0,0
BRDA:91,6,1,0
BRF:13
BRH:0
end_of_record
